d:\game\folder_online\16\remotecontrolserver\remotecontrolserver\debug\vc142.pdb
d:\game\folder_online\16\remotecontrolserver\remotecontrolserver\debug\vc142.idb
d:\game\folder_online\16\remotecontrolserver\remotecontrolserver\debug\utils.obj
d:\game\folder_online\16\remotecontrolserver\remotecontrolserver\debug\remotecontrolserver.obj
d:\game\folder_online\16\remotecontrolserver\remotecontrolserver\debug\rc4crpt.obj
d:\game\folder_online\16\remotecontrolserver\remotecontrolserver\debug\diskinfoextractor.obj
d:\game\folder_online\16\remotecontrolserver\remotecontrolserver\debug\dataextractor.obj
d:\game\folder_online\16\remotecontrolserver\remotecontrolserver\debug\datacontainer.obj
d:\game\folder_online\16\remotecontrolserver\debug\remotecontrolserver.exe
d:\game\folder_online\16\remotecontrolserver\remotecontrolserver\debug\remotecontrolserver.ilk
d:\game\folder_online\16\remotecontrolserver\debug\remotecontrolserver.pdb
d:\users\st\folder_online\16\remotecontrolserver\remotecontrolserver\debug\datacontainer.obj
d:\users\st\folder_online\16\remotecontrolserver\remotecontrolserver\debug\dataextractor.obj
d:\users\st\folder_online\16\remotecontrolserver\remotecontrolserver\debug\diskinfoextractor.obj
d:\users\st\folder_online\16\remotecontrolserver\remotecontrolserver\debug\rc4crpt.obj
d:\users\st\folder_online\16\remotecontrolserver\remotecontrolserver\debug\remotecontrolserver.obj
d:\users\st\folder_online\16\remotecontrolserver\remotecontrolserver\debug\utils.obj
d:\users\st\folder_online\16\remotecontrolserver\remotecontrolserver\debug\remotecontrolserver.obj.enc
d:\users\st\folder_online\16\remotecontrolserver\remotecontrolserver\debug\remotecontrolserver.ilk
d:\users\st\folder_online\16\remotecontrolserver\remotecontrolserver\debug\vc142.idb
d:\users\st\folder_online\16\remotecontrolserver\remotecontrolserver\debug\vc142.pdb
d:\users\st\folder_online\16\remotecontrolserver\debug\remotecontrolserver.pdb
d:\users\st\folder_online\16\remotecontrolserver\debug\remotecontrolserver.exe
d:\users\st\folder_online\16\remotecontrolserver\remotecontrolserver\debug\remoteco.d5d7e2c6.tlog\cl.command.1.tlog
d:\users\st\folder_online\16\remotecontrolserver\remotecontrolserver\debug\remoteco.d5d7e2c6.tlog\cl.read.1.tlog
d:\users\st\folder_online\16\remotecontrolserver\remotecontrolserver\debug\remoteco.d5d7e2c6.tlog\cl.write.1.tlog
d:\users\st\folder_online\16\remotecontrolserver\remotecontrolserver\debug\remoteco.d5d7e2c6.tlog\link.command.1.tlog
d:\users\st\folder_online\16\remotecontrolserver\remotecontrolserver\debug\remoteco.d5d7e2c6.tlog\link.read.1.tlog
d:\users\st\folder_online\16\remotecontrolserver\remotecontrolserver\debug\remoteco.d5d7e2c6.tlog\link.write.1.tlog
