czl open file, 000000D8, 000000DC, 000000E0, 000000E4
czl load widevinecdm success, 00BD2CC0, 00BD2D10, 00BD2CF0, 00BD2E90 
czl open file, 0000036C, 00000344, 00000348, 00000378

czl load widevinecdm success, 7AD22CC0, 7AD22D10, 7AD22CF0, 7AD22E90 

czl widevine VerifyCdmHost_0 retcode value 1

czl InitializeCdmModule_4

czl open file, 000003A8, 00000390, 00000394, 0000039C

czl load widevinecdm success, 036F2CC0, 036F2D10, 036F2CF0, 036F2E90 

czl widevine VerifyCdmHost_0 retcode value 1

czl InitializeCdmModule_4

czl CreateCdmInstance 10, com.widevine.alpha, 67547586319351826, 

czl GetCdmHost called, version 10, user_data 00000000
czl new CDMHost 00F4BA68
czl Host::GetCurrentWallTime
czl module version, 10
czl construct module, count: 1
czl module SetHost(00F4BA68)
czl open file, 0000038C, 00000370, 00000374, 00000378

czl load widevinecdm success, 7AC32CC0, 7AC32D10, 7AC32CF0, 7AC32E90 

czl widevine VerifyCdmHost_0 retcode value 1

czl InitializeCdmModule_4

czl CreateCdmInstance 10, com.widevine.alpha, 41651888461971474, 

czl GetCdmHost called, version 10, user_data 00000000
czl new CDMHost 00CF6EA8
czl Host::GetCurrentWallTime
czl module version, 10
czl construct module, count: 1
czl module SetHost(00CF6EA8)
czl open file, 000000E0, 000000E8, 000000EC, 000000F0

czl load widevinecdm success, 78D42CC0, 78D42D10, 78D42CF0, 78D42E90 

czl widevine VerifyCdmHost_0 retcode value 1

czl InitializeCdmModule_4

czl CreateCdmInstance 10, com.widevine.alpha, 40527895520608274, 

czl GetCdmHost called, version 10, user_data 00000000
czl new CDMHost 009B0E40
czl Host::GetCurrentWallTime
czl module version, 10
czl construct module, count: 1
czl module SetHost(009B0E40)
czl open file, 000002B0, 000002B4, 000002B8, 000002BC

czl load widevinecdm success, 03AC2CC0, 03AC2D10, 03AC2CF0, 03AC2E90 

czl widevine VerifyCdmHost_0 retcode value 1

czl InitializeCdmModule_4

czl CreateCdmInstance 10, com.widevine.alpha, 70366235916763154, 

czl GetCdmHost called, version 10, user_data 00000000
czl new CDMHost 01485030
czl Host::GetCurrentWallTime
czl open file, 0000029C, 000002A0, 000002B8, 000002BC

czl load widevinecdm success, 03522CC0, 03522D10, 03522CF0, 03522E90 

czl widevine VerifyCdmHost_0 retcode value 1

czl InitializeCdmModule_4

czl CreateCdmInstance 10, com.widevine.alpha, 45028918167601170, 

czl GetCdmHost called, version 10, user_data 00000000
czl new CDMHost 00F53100
czl Host::GetCurrentWallTime
czl open file, 000002A0, 000002B4, 000002B8, 000002BC

czl load widevinecdm success, 78D42CC0, 78D42D10, 78D42CF0, 78D42E90 

czl widevine VerifyCdmHost_0 retcode value 1

czl InitializeCdmModule_4

czl CreateCdmInstance 10, com.widevine.alpha, 40527500383617042, 

czl GetCdmHost called, version 10, user_data 00000000
czl new CDMHost 00D419F0
czl Host::GetCurrentWallTime
czl open file, 000002B4, 000002B8, 000002BC, 000002C0

czl load widevinecdm success, 03672CC0, 03672D10, 03672CF0, 03672E90 

czl widevine VerifyCdmHost_0 retcode value 1

czl InitializeCdmModule_4

czl CreateCdmInstance 10, com.widevine.alpha, 60230525415063570, 

czl GetCdmHost called, version 10, user_data 00000000
czl new CDMHost 00F11AA0
czl Host::GetCurrentWallTime
czl open file, 000002B0, 000002B4, 000002B8, 000002BC

czl load widevinecdm success, 03182CC0, 03182D10, 03182CF0, 03182E90 

czl widevine VerifyCdmHost_0 retcode value 1

czl InitializeCdmModule_4

czl CreateCdmInstance 10, com.widevine.alpha, 40526967807672338, 

czl GetCdmHost called, version 10, user_data 00000000
czl new CDMHost 00DD7158
czl Host::GetCurrentWallTime
czl open file, 000002B0, 000002B4, 000002B8, 000002BC

czl load widevinecdm success, 78D42CC0, 78D42D10, 78D42CF0, 78D42E90 

czl widevine VerifyCdmHost_0 retcode value 1

czl InitializeCdmModule_4

czl CreateCdmInstance 10, com.widevine.alpha, 42219236461903890, 

czl GetCdmHost called, version 10, user_data 00000000
czl new CDMHost 00D21F08
czl Host::GetCurrentWallTime
czl open file, 000002A4, 000002B8, 000002BC, 000002C0

czl load widevinecdm success, 03772CC0, 03772D10, 03772CF0, 03772E90 

czl widevine VerifyCdmHost_0 retcode value 1

czl InitializeCdmModule_4

czl CreateCdmInstance 10, com.widevine.alpha, 67548307873857554, 

czl GetCdmHost called, version 10, user_data 00000000
czl new CDMHost 013A2300
czl Host::GetCurrentWallTime
czl open file, 000002B8, 000002BC, 000002C0, 000002C4

czl load widevinecdm success, 03682CC0, 03682D10, 03682CF0, 03682E90 

czl widevine VerifyCdmHost_0 retcode value 1

czl InitializeCdmModule_4

czl CreateCdmInstance 10, com.widevine.alpha, 59663641271599122, 

czl GetCdmHost called, version 10, user_data 00000000
czl new CDMHost 01201510
czl Host::GetCurrentWallTime
czl open file, 000002B0, 000002B4, 000002B8, 000002BC

czl load widevinecdm success, 78D42CC0, 78D42D10, 78D42CF0, 78D42E90 

czl widevine VerifyCdmHost_0 retcode value 1

czl InitializeCdmModule_4

czl CreateCdmInstance 10, com.widevine.alpha, 67550867674365970, 

czl GetCdmHost called, version 10, user_data 00000000
czl new CDMHost 011A50E0
czl Host::GetCurrentWallTime
czl open file, 000002B4, 000002B8, 000002BC, 000002C0

czl load widevinecdm success, 03902CC0, 03902D10, 03902CF0, 03902E90 

czl widevine VerifyCdmHost_0 retcode value 1

czl InitializeCdmModule_4

czl CreateCdmInstance 10, com.widevine.alpha, 61637522341494802, 

czl GetCdmHost called, version 10, user_data 00000000
czl new CDMHost 014D4030
czl Host::GetCurrentWallTime
czl open file, 000002A0, 000002B4, 000002B8, 000002BC

czl load widevinecdm success, 03C42CC0, 03C42D10, 03C42CF0, 03C42E90 

czl widevine VerifyCdmHost_0 retcode value 1

czl InitializeCdmModule_4

czl CreateCdmInstance 10, com.widevine.alpha, 86687901915545618, 

czl GetCdmHost called, version 10, user_data 00000000
czl new CDMHost 01820FF0
czl Host::GetCurrentWallTime
