d:\project\qt\qtwidgetsapplication1\qtwidgetsapplication1\x64\debug\vc143.pdb
d:\project\qt\qtwidgetsapplication1\qtwidgetsapplication1\x64\debug\moc_qtwidgetsapplication1.obj
d:\project\qt\qtwidgetsapplication1\qtwidgetsapplication1\x64\debug\qrc_qtwidgetsapplication1.obj
d:\project\qt\qtwidgetsapplication1\qtwidgetsapplication1\x64\debug\main.obj
d:\project\qt\qtwidgetsapplication1\qtwidgetsapplication1\x64\debug\qtwidgetsapplication1.obj
d:\project\qt\qtwidgetsapplication1\x64\debug\qtwidgetsapplication1.exe
d:\project\qt\qtwidgetsapplication1\x64\debug\qtwidgetsapplication1.ilk
d:\project\qt\qtwidgetsapplication1\x64\debug\qtwidgetsapplication1.pdb
d:\project\qt\qtwidgetsapplication1\qtwidgetsapplication1\x64\debug\moc\moc_qtwidgetsapplication1.cpp
d:\project\qt\qtwidgetsapplication1\qtwidgetsapplication1\x64\debug\uic\ui_qtwidgetsapplication1.h
d:\project\qt\qtwidgetsapplication1\qtwidgetsapplication1\x64\debug\rcc\qrc_qtwidgetsapplication1.cpp
d:\users\st\folder_online\qt\qtwidgetsapplication1\qtwidgetsapplication1\x64\debug\uic\ui_qtwidgetsapplication1.h
d:\users\st\folder_online\qt\qtwidgetsapplication1\qtwidgetsapplication1\x64\debug\rcc\qrc_qtwidgetsapplication1.cpp
d:\users\st\folder_online\qt\qtwidgetsapplication1\qtwidgetsapplication1\x64\debug\moc\moc_qtwidgetsapplication1.cpp
d:\users\st\folder_online\qt\qtwidgetsapplication1\qtwidgetsapplication1\x64\debug\main.obj
d:\users\st\folder_online\qt\qtwidgetsapplication1\qtwidgetsapplication1\x64\debug\moc_qtwidgetsapplication1.obj
d:\users\st\folder_online\qt\qtwidgetsapplication1\qtwidgetsapplication1\x64\debug\qrc_qtwidgetsapplication1.obj
d:\users\st\folder_online\qt\qtwidgetsapplication1\qtwidgetsapplication1\x64\debug\qtwidgetsapplication1.obj
d:\users\st\folder_online\qt\qtwidgetsapplication1\qtwidgetsapplication1\x64\debug\vc143.pdb
d:\users\st\folder_online\qt\qtwidgetsapplication1\x64\debug\qtwidgetsapplication1.pdb
d:\users\st\folder_online\qt\qtwidgetsapplication1\x64\debug\qtwidgetsapplication1.exe
d:\users\st\folder_online\qt\qtwidgetsapplication1\x64\debug\qtwidgetsapplication1.ilk
d:\users\st\folder_online\qt\qtwidgetsapplication1\qtwidgetsapplication1\x64\debug\qtwidget.8eeee1e8.tlog\cl.command.1.tlog
d:\users\st\folder_online\qt\qtwidgetsapplication1\qtwidgetsapplication1\x64\debug\qtwidget.8eeee1e8.tlog\cl.read.1.tlog
d:\users\st\folder_online\qt\qtwidgetsapplication1\qtwidgetsapplication1\x64\debug\qtwidget.8eeee1e8.tlog\cl.write.1.tlog
d:\users\st\folder_online\qt\qtwidgetsapplication1\qtwidgetsapplication1\x64\debug\qtwidget.8eeee1e8.tlog\link.command.1.tlog
d:\users\st\folder_online\qt\qtwidgetsapplication1\qtwidgetsapplication1\x64\debug\qtwidget.8eeee1e8.tlog\link.read.1.tlog
d:\users\st\folder_online\qt\qtwidgetsapplication1\qtwidgetsapplication1\x64\debug\qtwidget.8eeee1e8.tlog\link.write.1.tlog
d:\users\st\folder_online\qt\qtwidgetsapplication1\qtwidgetsapplication1\x64\debug\qtwidget.8eeee1e8.tlog\moc.read.1u.tlog
d:\users\st\folder_online\qt\qtwidgetsapplication1\qtwidgetsapplication1\x64\debug\qtwidget.8eeee1e8.tlog\moc.write.1u.tlog
d:\users\st\folder_online\qt\qtwidgetsapplication1\qtwidgetsapplication1\x64\debug\qtwidget.8eeee1e8.tlog\qtwidgetsapplication1.write.1u.tlog
d:\users\st\folder_online\qt\qtwidgetsapplication1\qtwidgetsapplication1\x64\debug\qtwidget.8eeee1e8.tlog\rcc.read.1u.tlog
d:\users\st\folder_online\qt\qtwidgetsapplication1\qtwidgetsapplication1\x64\debug\qtwidget.8eeee1e8.tlog\rcc.write.1u.tlog
d:\users\st\folder_online\qt\qtwidgetsapplication1\qtwidgetsapplication1\x64\debug\qtwidget.8eeee1e8.tlog\uic.read.1u.tlog
d:\users\st\folder_online\qt\qtwidgetsapplication1\qtwidgetsapplication1\x64\debug\qtwidget.8eeee1e8.tlog\uic.write.1u.tlog
