d:\users\st\folder_online\qt\sample_2_4\sample_2_4\x64\release\moc_sample_2_4.obj
d:\users\st\folder_online\qt\sample_2_4\sample_2_4\x64\release\qrc_sample_2_4.obj
d:\users\st\folder_online\qt\sample_2_4\sample_2_4\x64\release\sample_2_4.obj
d:\users\st\folder_online\qt\sample_2_4\sample_2_4\x64\release\main.obj
d:\users\st\folder_online\qt\sample_2_4\x64\release\sample_2_4.exe
d:\users\st\folder_online\qt\sample_2_4\sample_2_4\x64\release\moc\moc_sample_2_4.cpp
d:\users\st\folder_online\qt\sample_2_4\sample_2_4\x64\release\sample_2_4.res
d:\users\st\folder_online\qt\sample_2_4\sample_2_4\x64\release\rcc\qrc_sample_2_4.cpp
d:\users\st\folder_online\qt\sample_2_4\sample_2_4\x64\release\uic\ui_sample_2_4.h
d:\users\st\folder_online\qt\sample_2_4\sample_2_4\x64\release\sample_2_4.tlog\cl.12260.write.1.tlog
d:\users\st\folder_online\qt\sample_2_4\sample_2_4\x64\release\sample_2_4.tlog\cl.command.1.tlog
d:\users\st\folder_online\qt\sample_2_4\sample_2_4\x64\release\sample_2_4.tlog\cl.read.1.tlog
d:\users\st\folder_online\qt\sample_2_4\sample_2_4\x64\release\sample_2_4.tlog\link.command.1.tlog
d:\users\st\folder_online\qt\sample_2_4\sample_2_4\x64\release\sample_2_4.tlog\link.read.1.tlog
d:\users\st\folder_online\qt\sample_2_4\sample_2_4\x64\release\sample_2_4.tlog\link.write.1.tlog
d:\users\st\folder_online\qt\sample_2_4\sample_2_4\x64\release\sample_2_4.tlog\moc.read.1u.tlog
d:\users\st\folder_online\qt\sample_2_4\sample_2_4\x64\release\sample_2_4.tlog\moc.write.1u.tlog
d:\users\st\folder_online\qt\sample_2_4\sample_2_4\x64\release\sample_2_4.tlog\rc.command.1.tlog
d:\users\st\folder_online\qt\sample_2_4\sample_2_4\x64\release\sample_2_4.tlog\rc.read.1.tlog
d:\users\st\folder_online\qt\sample_2_4\sample_2_4\x64\release\sample_2_4.tlog\rc.write.1.tlog
d:\users\st\folder_online\qt\sample_2_4\sample_2_4\x64\release\sample_2_4.tlog\rcc.read.1u.tlog
d:\users\st\folder_online\qt\sample_2_4\sample_2_4\x64\release\sample_2_4.tlog\rcc.write.1u.tlog
d:\users\st\folder_online\qt\sample_2_4\sample_2_4\x64\release\sample_2_4.tlog\sample_2_4.write.1u.tlog
d:\users\st\folder_online\qt\sample_2_4\sample_2_4\x64\release\sample_2_4.tlog\uic.read.1u.tlog
d:\users\st\folder_online\qt\sample_2_4\sample_2_4\x64\release\sample_2_4.tlog\uic.write.1u.tlog
