d:\project\qt\sampl_2_1\sampl_2_1\x64\debug\qrc_sampl_2_1.obj
d:\project\qt\sampl_2_1\sampl_2_1\x64\debug\moc_sampl_2_1.obj
d:\project\qt\sampl_2_1\sampl_2_1\x64\debug\vc142.pdb
d:\project\qt\sampl_2_1\sampl_2_1\x64\debug\main.obj
d:\project\qt\sampl_2_1\sampl_2_1\x64\debug\sampl_2_1.obj
d:\project\qt\sampl_2_1\x64\debug\sampl_2_1.exe
d:\project\qt\sampl_2_1\x64\debug\sampl_2_1.ilk
d:\project\qt\sampl_2_1\x64\debug\sampl_2_1.pdb
d:\project\qt\sampl_2_1\sampl_2_1\x64\debug\\moc\moc_sampl_2_1.cpp
d:\project\qt\sampl_2_1\sampl_2_1\x64\debug\\rcc\qrc_sampl_2_1.cpp
d:\project\qt\sampl_2_1\sampl_2_1\x64\debug\uic\ui_sampl_2_1.h
d:\project\qt\sampl_2_1\sampl_2_1\x64\debug\rcc\qrc_sampl_2_1.cpp
d:\project\qt\sampl_2_1\sampl_2_1\x64\debug\moc\moc_sampl_2_1.cpp
d:\project\qt\sampl_2_1\sampl_2_1\x64\debug\\uic\ui_sampl_2_1.h
d:\project\qt\sampl_2_1\sampl_2_1\x64\debug\sampl_2_1.tlog\cl.command.1.tlog
d:\project\qt\sampl_2_1\sampl_2_1\x64\debug\sampl_2_1.tlog\cl.read.1.tlog
d:\project\qt\sampl_2_1\sampl_2_1\x64\debug\sampl_2_1.tlog\cl.write.1.tlog
d:\project\qt\sampl_2_1\sampl_2_1\x64\debug\sampl_2_1.tlog\link.command.1.tlog
d:\project\qt\sampl_2_1\sampl_2_1\x64\debug\sampl_2_1.tlog\link.read.1.tlog
d:\project\qt\sampl_2_1\sampl_2_1\x64\debug\sampl_2_1.tlog\link.write.1.tlog
d:\project\qt\sampl_2_1\sampl_2_1\x64\debug\sampl_2_1.tlog\moc.read.1u.tlog
d:\project\qt\sampl_2_1\sampl_2_1\x64\debug\sampl_2_1.tlog\moc.write.1u.tlog
d:\project\qt\sampl_2_1\sampl_2_1\x64\debug\sampl_2_1.tlog\rcc.read.1u.tlog
d:\project\qt\sampl_2_1\sampl_2_1\x64\debug\sampl_2_1.tlog\rcc.write.1u.tlog
d:\project\qt\sampl_2_1\sampl_2_1\x64\debug\sampl_2_1.tlog\sampl_2_1.write.1u.tlog
d:\project\qt\sampl_2_1\sampl_2_1\x64\debug\sampl_2_1.tlog\uic.read.1u.tlog
d:\project\qt\sampl_2_1\sampl_2_1\x64\debug\sampl_2_1.tlog\uic.write.1u.tlog
