d:\users\downloads\project\st\folder_online\noteburner\widevinecdm\widevinecdm\debug\vc142.pdb
d:\users\downloads\project\st\folder_online\noteburner\widevinecdm\widevinecdm\debug\vc142.idb
d:\users\downloads\project\st\folder_online\noteburner\widevinecdm\widevinecdm\debug\widevinecdm.obj
d:\users\downloads\project\st\folder_online\noteburner\widevinecdm\widevinecdm\debug\base64.obj
d:\users\downloads\project\st\folder_online\noteburner\widevinecdm\widevinecdm\debug\mysamplereader.obj
d:\users\downloads\project\st\folder_online\noteburner\widevinecdm\widevinecdm\debug\mysampledecrypter.obj
d:\users\downloads\project\st\folder_online\noteburner\widevinecdm\widevinecdm\debug\mylinearreader.obj
d:\users\downloads\project\st\folder_online\noteburner\widevinecdm\widevinecdm\debug\fucntion.obj
d:\users\downloads\project\st\folder_online\noteburner\widevinecdm\widevinecdm\debug\cdmhost.obj
d:\users\downloads\project\st\folder_online\noteburner\widevinecdm\debug\widevinecdm.exe
d:\users\downloads\project\st\folder_online\noteburner\widevinecdm\widevinecdm\debug\widevinecdm.ilk
d:\users\downloads\project\st\folder_online\noteburner\widevinecdm\debug\widevinecdm.pdb
d:\users\downloads\project\st\folder_online\noteburner\widevinecdm\debug\widevinecdm.lib
d:\users\downloads\project\st\folder_online\noteburner\widevinecdm\debug\widevinecdm.exp
d:\users\downloads\project\st\folder_online\noteburner\widevinecdm\widevinecdm\debug\widevinecdm.tlog\cl.command.1.tlog
d:\users\downloads\project\st\folder_online\noteburner\widevinecdm\widevinecdm\debug\widevinecdm.tlog\cl.read.1.tlog
d:\users\downloads\project\st\folder_online\noteburner\widevinecdm\widevinecdm\debug\widevinecdm.tlog\cl.write.1.tlog
d:\users\downloads\project\st\folder_online\noteburner\widevinecdm\widevinecdm\debug\widevinecdm.tlog\link.command.1.tlog
d:\users\downloads\project\st\folder_online\noteburner\widevinecdm\widevinecdm\debug\widevinecdm.tlog\link.read.1.tlog
d:\users\downloads\project\st\folder_online\noteburner\widevinecdm\widevinecdm\debug\widevinecdm.tlog\link.write.1.tlog
d:\users\downloads\project\st\folder_online\noteburner\widevinecdm\widevinecdm\debug\widevinecdm.tlog\widevinecdm.write.1u.tlog
