d:\users\st\folder_online\qt\sample_3_1\sample_3_1\x64\release\sample_3_1.obj
d:\users\st\folder_online\qt\sample_3_1\sample_3_1\x64\release\qperson.obj
d:\users\st\folder_online\qt\sample_3_1\sample_3_1\x64\release\main.obj
d:\users\st\folder_online\qt\sample_3_1\sample_3_1\x64\release\moc_qperson.obj
d:\users\st\folder_online\qt\sample_3_1\sample_3_1\x64\release\qrc_sample_3_1.obj
d:\users\st\folder_online\qt\sample_3_1\sample_3_1\x64\release\moc_sample_3_1.obj
d:\users\st\folder_online\qt\sample_3_1\x64\release\sample_3_1.exe
d:\users\st\folder_online\qt\sample_3_1\sample_3_1\x64\release\moc\moc_sample_3_1.cpp
d:\users\st\folder_online\qt\sample_3_1\sample_3_1\x64\release\moc\moc_qperson.cpp
d:\users\st\folder_online\qt\sample_3_1\sample_3_1\x64\release\rcc\qrc_sample_3_1.cpp
d:\users\st\folder_online\qt\sample_3_1\sample_3_1\x64\release\uic\ui_sample_3_1.h
d:\users\st\folder_online\qt\sample_3_1\sample_3_1\x64\release\sample_3_1.tlog\cl.13044.write.1.tlog
d:\users\st\folder_online\qt\sample_3_1\sample_3_1\x64\release\sample_3_1.tlog\cl.command.1.tlog
d:\users\st\folder_online\qt\sample_3_1\sample_3_1\x64\release\sample_3_1.tlog\cl.read.1.tlog
d:\users\st\folder_online\qt\sample_3_1\sample_3_1\x64\release\sample_3_1.tlog\link.command.1.tlog
d:\users\st\folder_online\qt\sample_3_1\sample_3_1\x64\release\sample_3_1.tlog\link.read.1.tlog
d:\users\st\folder_online\qt\sample_3_1\sample_3_1\x64\release\sample_3_1.tlog\link.write.1.tlog
d:\users\st\folder_online\qt\sample_3_1\sample_3_1\x64\release\sample_3_1.tlog\moc.read.1u.tlog
d:\users\st\folder_online\qt\sample_3_1\sample_3_1\x64\release\sample_3_1.tlog\moc.write.1u.tlog
d:\users\st\folder_online\qt\sample_3_1\sample_3_1\x64\release\sample_3_1.tlog\rcc.read.1u.tlog
d:\users\st\folder_online\qt\sample_3_1\sample_3_1\x64\release\sample_3_1.tlog\rcc.write.1u.tlog
d:\users\st\folder_online\qt\sample_3_1\sample_3_1\x64\release\sample_3_1.tlog\sample_3_1.write.1u.tlog
d:\users\st\folder_online\qt\sample_3_1\sample_3_1\x64\release\sample_3_1.tlog\uic.read.1u.tlog
d:\users\st\folder_online\qt\sample_3_1\sample_3_1\x64\release\sample_3_1.tlog\uic.write.1u.tlog
