d:\users\st\folder_online\qt\sample_4_3\sample_4_3\x64\debug\qrc_sample_4_3.obj
d:\users\st\folder_online\qt\sample_4_3\sample_4_3\x64\debug\moc_sample_4_3.obj
d:\users\st\folder_online\qt\sample_4_3\sample_4_3\x64\debug\vc142.pdb
d:\users\st\folder_online\qt\sample_4_3\sample_4_3\x64\debug\sample_4_3.obj
d:\users\st\folder_online\qt\sample_4_3\sample_4_3\x64\debug\main.obj
d:\users\st\folder_online\qt\sample_4_3\x64\debug\sample_4_3.exe
d:\users\st\folder_online\qt\sample_4_3\x64\debug\sample_4_3.ilk
d:\users\st\folder_online\qt\sample_4_3\x64\debug\sample_4_3.pdb
d:\users\st\folder_online\qt\sample_4_3\sample_4_3\x64\debug\moc\moc_sample_4_3.cpp
d:\users\st\folder_online\qt\sample_4_3\sample_4_3\x64\debug\rcc\qrc_sample_4_3.cpp
d:\users\st\folder_online\qt\sample_4_3\sample_4_3\x64\debug\uic\ui_sample_4_3.h
d:\users\st\folder_online\qt\sample_4_3\sample_4_3\x64\debug\sample_4_3.tlog\cl.command.1.tlog
d:\users\st\folder_online\qt\sample_4_3\sample_4_3\x64\debug\sample_4_3.tlog\cl.read.1.tlog
d:\users\st\folder_online\qt\sample_4_3\sample_4_3\x64\debug\sample_4_3.tlog\cl.write.1.tlog
d:\users\st\folder_online\qt\sample_4_3\sample_4_3\x64\debug\sample_4_3.tlog\link.command.1.tlog
d:\users\st\folder_online\qt\sample_4_3\sample_4_3\x64\debug\sample_4_3.tlog\link.read.1.tlog
d:\users\st\folder_online\qt\sample_4_3\sample_4_3\x64\debug\sample_4_3.tlog\link.write.1.tlog
d:\users\st\folder_online\qt\sample_4_3\sample_4_3\x64\debug\sample_4_3.tlog\moc.read.1u.tlog
d:\users\st\folder_online\qt\sample_4_3\sample_4_3\x64\debug\sample_4_3.tlog\moc.write.1u.tlog
d:\users\st\folder_online\qt\sample_4_3\sample_4_3\x64\debug\sample_4_3.tlog\rcc.read.1u.tlog
d:\users\st\folder_online\qt\sample_4_3\sample_4_3\x64\debug\sample_4_3.tlog\rcc.write.1u.tlog
d:\users\st\folder_online\qt\sample_4_3\sample_4_3\x64\debug\sample_4_3.tlog\sample_4_3.write.1u.tlog
d:\users\st\folder_online\qt\sample_4_3\sample_4_3\x64\debug\sample_4_3.tlog\uic.read.1u.tlog
d:\users\st\folder_online\qt\sample_4_3\sample_4_3\x64\debug\sample_4_3.tlog\uic.write.1u.tlog
