d:\sourcetree\folder_online\qt\sample_4_1\sample_4_1\x64\release\qrc_sample_4_1.obj
d:\sourcetree\folder_online\qt\sample_4_1\sample_4_1\x64\release\moc_sample_4_1.obj
d:\sourcetree\folder_online\qt\sample_4_1\sample_4_1\x64\release\sample_4_1.obj
d:\sourcetree\folder_online\qt\sample_4_1\sample_4_1\x64\release\main.obj
d:\sourcetree\folder_online\qt\sample_4_1\x64\release\sample_4_1.exe
d:\sourcetree\folder_online\qt\sample_4_1\sample_4_1\x64\release\\moc\moc_sample_4_1.cpp
d:\sourcetree\folder_online\qt\sample_4_1\sample_4_1\x64\release\\rcc\qrc_sample_4_1.cpp
d:\sourcetree\folder_online\qt\sample_4_1\sample_4_1\x64\release\uic\ui_sample_4_1.h
d:\sourcetree\folder_online\qt\sample_4_1\sample_4_1\x64\release\rcc\qrc_sample_4_1.cpp
d:\sourcetree\folder_online\qt\sample_4_1\sample_4_1\x64\release\moc\moc_sample_4_1.cpp
d:\sourcetree\folder_online\qt\sample_4_1\sample_4_1\x64\release\\uic\ui_sample_4_1.h
d:\sourcetree\folder_online\qt\sample_4_1\sample_4_1\x64\release\sample_4_1.tlog\cl.16256.write.1.tlog
d:\sourcetree\folder_online\qt\sample_4_1\sample_4_1\x64\release\sample_4_1.tlog\cl.command.1.tlog
d:\sourcetree\folder_online\qt\sample_4_1\sample_4_1\x64\release\sample_4_1.tlog\cl.read.1.tlog
d:\sourcetree\folder_online\qt\sample_4_1\sample_4_1\x64\release\sample_4_1.tlog\link.command.1.tlog
d:\sourcetree\folder_online\qt\sample_4_1\sample_4_1\x64\release\sample_4_1.tlog\link.read.1.tlog
d:\sourcetree\folder_online\qt\sample_4_1\sample_4_1\x64\release\sample_4_1.tlog\link.write.1.tlog
d:\sourcetree\folder_online\qt\sample_4_1\sample_4_1\x64\release\sample_4_1.tlog\moc.read.1u.tlog
d:\sourcetree\folder_online\qt\sample_4_1\sample_4_1\x64\release\sample_4_1.tlog\moc.write.1u.tlog
d:\sourcetree\folder_online\qt\sample_4_1\sample_4_1\x64\release\sample_4_1.tlog\rcc.read.1u.tlog
d:\sourcetree\folder_online\qt\sample_4_1\sample_4_1\x64\release\sample_4_1.tlog\rcc.write.1u.tlog
d:\sourcetree\folder_online\qt\sample_4_1\sample_4_1\x64\release\sample_4_1.tlog\sample_4_1.write.1u.tlog
d:\sourcetree\folder_online\qt\sample_4_1\sample_4_1\x64\release\sample_4_1.tlog\uic.read.1u.tlog
d:\sourcetree\folder_online\qt\sample_4_1\sample_4_1\x64\release\sample_4_1.tlog\uic.write.1u.tlog
