d:\users\st\folder_online\qt\bdownloader\bdownloader\x64\debug\uic\ui_bdownloader.h
d:\users\st\folder_online\qt\bdownloader\bdownloader\x64\debug\rcc\qrc_bdownloader.cpp
d:\users\st\folder_online\qt\bdownloader\bdownloader\x64\debug\moc\moc_bdownloader.cpp
d:\users\st\folder_online\qt\bdownloader\bdownloader\x64\debug\moc\moc_mainwindow.cpp
d:\users\st\folder_online\qt\bdownloader\bdownloader\x64\debug\moc_mainwindow.obj
d:\users\st\folder_online\qt\bdownloader\bdownloader\x64\debug\qrc_bdownloader.obj
d:\users\st\folder_online\qt\bdownloader\bdownloader\x64\debug\settings.obj
d:\users\st\folder_online\qt\bdownloader\bdownloader\x64\debug\network.obj
d:\users\st\folder_online\qt\bdownloader\bdownloader\x64\debug\main.obj
d:\users\st\folder_online\qt\bdownloader\bdownloader\x64\debug\mainwindow.obj
d:\users\st\folder_online\qt\bdownloader\bdownloader\x64\debug\vc142.pdb
d:\users\st\folder_online\qt\bdownloader\x64\debug\bdownloader.exe
d:\users\st\folder_online\qt\bdownloader\x64\debug\bdownloader.ilk
d:\users\st\folder_online\qt\bdownloader\x64\debug\bdownloader.pdb
d:\users\st\folder_online\qt\bdownloader\bdownloader\x64\debug\bdownloader.tlog\bdownloader.write.1u.tlog
d:\users\st\folder_online\qt\bdownloader\bdownloader\x64\debug\bdownloader.tlog\cl.1328.write.1.tlog
d:\users\st\folder_online\qt\bdownloader\bdownloader\x64\debug\bdownloader.tlog\cl.command.1.tlog
d:\users\st\folder_online\qt\bdownloader\bdownloader\x64\debug\bdownloader.tlog\cl.read.1.tlog
d:\users\st\folder_online\qt\bdownloader\bdownloader\x64\debug\bdownloader.tlog\link.command.1.tlog
d:\users\st\folder_online\qt\bdownloader\bdownloader\x64\debug\bdownloader.tlog\link.read.1.tlog
d:\users\st\folder_online\qt\bdownloader\bdownloader\x64\debug\bdownloader.tlog\link.write.1.tlog
d:\users\st\folder_online\qt\bdownloader\bdownloader\x64\debug\bdownloader.tlog\moc.read.1u.tlog
d:\users\st\folder_online\qt\bdownloader\bdownloader\x64\debug\bdownloader.tlog\moc.write.1u.tlog
d:\users\st\folder_online\qt\bdownloader\bdownloader\x64\debug\bdownloader.tlog\rcc.read.1u.tlog
d:\users\st\folder_online\qt\bdownloader\bdownloader\x64\debug\bdownloader.tlog\rcc.write.1u.tlog
d:\users\st\folder_online\qt\bdownloader\bdownloader\x64\debug\bdownloader.tlog\uic.read.1u.tlog
d:\users\st\folder_online\qt\bdownloader\bdownloader\x64\debug\bdownloader.tlog\uic.write.1u.tlog
