d:\users\downloads\project\st\folder_online\noteburner\consoleapplication2\consoleapplication2\debug\vc142.pdb
d:\users\downloads\project\st\folder_online\noteburner\consoleapplication2\consoleapplication2\debug\vc142.idb
d:\users\downloads\project\st\folder_online\noteburner\consoleapplication2\consoleapplication2\debug\mysamplereader.obj
d:\users\downloads\project\st\folder_online\noteburner\consoleapplication2\consoleapplication2\debug\muxer.obj
d:\users\downloads\project\st\folder_online\noteburner\consoleapplication2\consoleapplication2\debug\consoleapplication2.obj
d:\users\downloads\project\st\folder_online\noteburner\consoleapplication2\consoleapplication2\debug\mysampledecrypter.obj
d:\users\downloads\project\st\folder_online\noteburner\consoleapplication2\consoleapplication2\debug\mylinearreader.obj
d:\users\downloads\project\st\folder_online\noteburner\consoleapplication2\consoleapplication2\debug\consoleapplication2.obj.enc
d:\users\downloads\project\st\folder_online\noteburner\consoleapplication2\debug\consoleapplication2.pdb
d:\users\downloads\project\st\folder_online\noteburner\consoleapplication2\consoleapplication2\debug\consolea.27aac90a.tlog\cl.command.1.tlog
d:\users\downloads\project\st\folder_online\noteburner\consoleapplication2\consoleapplication2\debug\consolea.27aac90a.tlog\cl.read.1.tlog
d:\users\downloads\project\st\folder_online\noteburner\consoleapplication2\consoleapplication2\debug\consolea.27aac90a.tlog\cl.write.1.tlog
d:\users\downloads\project\st\folder_online\noteburner\consoleapplication2\consoleapplication2\debug\consolea.27aac90a.tlog\link-cvtres.read.1.tlog
d:\users\downloads\project\st\folder_online\noteburner\consoleapplication2\consoleapplication2\debug\consolea.27aac90a.tlog\link-cvtres.write.1.tlog
d:\users\downloads\project\st\folder_online\noteburner\consoleapplication2\consoleapplication2\debug\consolea.27aac90a.tlog\link-rc.read.1.tlog
d:\users\downloads\project\st\folder_online\noteburner\consoleapplication2\consoleapplication2\debug\consolea.27aac90a.tlog\link-rc.write.1.tlog
d:\users\downloads\project\st\folder_online\noteburner\consoleapplication2\consoleapplication2\debug\consolea.27aac90a.tlog\link.13004-cvtres.read.1.tlog
d:\users\downloads\project\st\folder_online\noteburner\consoleapplication2\consoleapplication2\debug\consolea.27aac90a.tlog\link.13004-cvtres.write.1.tlog
d:\users\downloads\project\st\folder_online\noteburner\consoleapplication2\consoleapplication2\debug\consolea.27aac90a.tlog\link.13004-rc.read.1.tlog
d:\users\downloads\project\st\folder_online\noteburner\consoleapplication2\consoleapplication2\debug\consolea.27aac90a.tlog\link.13004-rc.write.1.tlog
d:\users\downloads\project\st\folder_online\noteburner\consoleapplication2\consoleapplication2\debug\consolea.27aac90a.tlog\link.13004.read.1.tlog
d:\users\downloads\project\st\folder_online\noteburner\consoleapplication2\consoleapplication2\debug\consolea.27aac90a.tlog\link.13004.write.1.tlog
d:\users\downloads\project\st\folder_online\noteburner\consoleapplication2\consoleapplication2\debug\consolea.27aac90a.tlog\link.command.1.tlog
d:\users\downloads\project\st\folder_online\noteburner\consoleapplication2\consoleapplication2\debug\consolea.27aac90a.tlog\link.read.1.tlog
d:\users\downloads\project\st\folder_online\noteburner\consoleapplication2\consoleapplication2\debug\consolea.27aac90a.tlog\link.write.1.tlog
