d:\users\st\folder_online\qt\tsignal\tsignal\x64\debug\vc142.pdb
d:\users\st\folder_online\qt\tsignal\tsignal\x64\debug\moc_tsignal.obj
d:\users\st\folder_online\qt\tsignal\tsignal\x64\debug\qrc_tsignal.obj
d:\users\st\folder_online\qt\tsignal\tsignal\x64\debug\main.obj
d:\users\st\folder_online\qt\tsignal\tsignal\x64\debug\tsignal.obj
d:\sourcetree\folder_online\qt\tsignal\tsignal\x64\debug\tsignal.obj
d:\sourcetree\folder_online\qt\tsignal\tsignal\x64\debug\main.obj
d:\sourcetree\folder_online\qt\tsignal\tsignal\x64\debug\moc\moc_tsignal.cpp
d:\sourcetree\folder_online\qt\tsignal\tsignal\x64\debug\rcc\qrc_tsignal.cpp
d:\users\st\folder_online\qt\tsignal\tsignal\x64\debug\uic\ui_tsignal.h
d:\users\st\folder_online\qt\tsignal\tsignal\x64\debug\rcc\qrc_tsignal.cpp
d:\users\st\folder_online\qt\tsignal\tsignal\x64\debug\moc\moc_tsignal.cpp
d:\sourcetree\folder_online\qt\tsignal\tsignal\x64\debug\uic\ui_tsignal.h
d:\users\st\folder_online\qt\tsignal\tsignal\x64\debug\vc143.pdb
d:\users\st\folder_online\qt\tsignal\tsignal\x64\debug\tsignal.tlog\cl.command.1.tlog
d:\users\st\folder_online\qt\tsignal\tsignal\x64\debug\tsignal.tlog\cl.read.1.tlog
d:\users\st\folder_online\qt\tsignal\tsignal\x64\debug\tsignal.tlog\cl.write.1.tlog
d:\users\st\folder_online\qt\tsignal\tsignal\x64\debug\tsignal.tlog\moc.read.1u.tlog
d:\users\st\folder_online\qt\tsignal\tsignal\x64\debug\tsignal.tlog\moc.write.1u.tlog
d:\users\st\folder_online\qt\tsignal\tsignal\x64\debug\tsignal.tlog\rcc.read.1u.tlog
d:\users\st\folder_online\qt\tsignal\tsignal\x64\debug\tsignal.tlog\rcc.write.1u.tlog
d:\users\st\folder_online\qt\tsignal\tsignal\x64\debug\tsignal.tlog\tsignal.write.1u.tlog
d:\users\st\folder_online\qt\tsignal\tsignal\x64\debug\tsignal.tlog\uic.read.1u.tlog
d:\users\st\folder_online\qt\tsignal\tsignal\x64\debug\tsignal.tlog\uic.write.1u.tlog
