d:\users\st\folder_online\qt\3_2_globaldefine\3_2_globaldefine\x64\release\uic\ui__2_globaldefine.h
d:\users\st\folder_online\qt\3_2_globaldefine\3_2_globaldefine\x64\release\rcc\qrc__2_globaldefine.cpp
d:\users\st\folder_online\qt\3_2_globaldefine\3_2_globaldefine\x64\release\moc\moc__2_globaldefine.cpp
d:\users\st\folder_online\qt\3_2_globaldefine\3_2_globaldefine\x64\release\moc__2_globaldefine.obj
d:\users\st\folder_online\qt\3_2_globaldefine\3_2_globaldefine\x64\release\qrc__2_globaldefine.obj
d:\users\st\folder_online\qt\3_2_globaldefine\3_2_globaldefine\x64\release\_2_globaldefine.obj
d:\users\st\folder_online\qt\3_2_globaldefine\3_2_globaldefine\x64\release\main.obj
d:\users\st\folder_online\qt\3_2_globaldefine\x64\release\3_2_globaldefine.exe
d:\users\st\folder_online\qt\3_2_globaldefine\3_2_globaldefine\x64\release\3_2_globaldefine.tlog\3_2_globaldefine.write.1u.tlog
d:\users\st\folder_online\qt\3_2_globaldefine\3_2_globaldefine\x64\release\3_2_globaldefine.tlog\cl.12384.write.1.tlog
d:\users\st\folder_online\qt\3_2_globaldefine\3_2_globaldefine\x64\release\3_2_globaldefine.tlog\cl.command.1.tlog
d:\users\st\folder_online\qt\3_2_globaldefine\3_2_globaldefine\x64\release\3_2_globaldefine.tlog\cl.read.1.tlog
d:\users\st\folder_online\qt\3_2_globaldefine\3_2_globaldefine\x64\release\3_2_globaldefine.tlog\link.command.1.tlog
d:\users\st\folder_online\qt\3_2_globaldefine\3_2_globaldefine\x64\release\3_2_globaldefine.tlog\link.read.1.tlog
d:\users\st\folder_online\qt\3_2_globaldefine\3_2_globaldefine\x64\release\3_2_globaldefine.tlog\link.write.1.tlog
d:\users\st\folder_online\qt\3_2_globaldefine\3_2_globaldefine\x64\release\3_2_globaldefine.tlog\moc.read.1u.tlog
d:\users\st\folder_online\qt\3_2_globaldefine\3_2_globaldefine\x64\release\3_2_globaldefine.tlog\moc.write.1u.tlog
d:\users\st\folder_online\qt\3_2_globaldefine\3_2_globaldefine\x64\release\3_2_globaldefine.tlog\rcc.read.1u.tlog
d:\users\st\folder_online\qt\3_2_globaldefine\3_2_globaldefine\x64\release\3_2_globaldefine.tlog\rcc.write.1u.tlog
d:\users\st\folder_online\qt\3_2_globaldefine\3_2_globaldefine\x64\release\3_2_globaldefine.tlog\uic.read.1u.tlog
d:\users\st\folder_online\qt\3_2_globaldefine\3_2_globaldefine\x64\release\3_2_globaldefine.tlog\uic.write.1u.tlog
