d:\game\folder_online\16\socket\consoleapplication7\consoleapplication7\debug\vc142.pdb
d:\game\folder_online\16\socket\consoleapplication7\consoleapplication7\debug\vc142.idb
d:\game\folder_online\16\socket\consoleapplication7\consoleapplication7\debug\consoleapplication7.obj
d:\users\st\folder_online\16\socket\consoleapplication7\consoleapplication7\debug\vc142.pdb
d:\users\st\folder_online\16\socket\consoleapplication7\consoleapplication7\debug\vc142.idb
d:\users\st\folder_online\16\socket\consoleapplication7\consoleapplication7\debug\consoleapplication7.obj
d:\game\folder_online\16\socket\consoleapplication7\debug\server.exe
d:\game\folder_online\16\socket\consoleapplication7\consoleapplication7\debug\server.ilk
d:\game\folder_online\16\socket\consoleapplication7\debug\server.pdb
d:\users\st\folder_online\16\socket\consoleapplication7\consoleapplication7\debug\consoleapplication7.ilk
d:\users\st\folder_online\16\socket\consoleapplication7\debug\server.pdb
d:\users\st\folder_online\16\socket\consoleapplication7\consoleapplication7\debug\consolea.7e6d76cf.tlog\cl.command.1.tlog
d:\users\st\folder_online\16\socket\consoleapplication7\consoleapplication7\debug\consolea.7e6d76cf.tlog\cl.read.1.tlog
d:\users\st\folder_online\16\socket\consoleapplication7\consoleapplication7\debug\consolea.7e6d76cf.tlog\cl.write.1.tlog
d:\users\st\folder_online\16\socket\consoleapplication7\consoleapplication7\debug\consolea.7e6d76cf.tlog\link-cvtres.read.1.tlog
d:\users\st\folder_online\16\socket\consoleapplication7\consoleapplication7\debug\consolea.7e6d76cf.tlog\link-cvtres.write.1.tlog
d:\users\st\folder_online\16\socket\consoleapplication7\consoleapplication7\debug\consolea.7e6d76cf.tlog\link-rc.read.1.tlog
d:\users\st\folder_online\16\socket\consoleapplication7\consoleapplication7\debug\consolea.7e6d76cf.tlog\link-rc.write.1.tlog
d:\users\st\folder_online\16\socket\consoleapplication7\consoleapplication7\debug\consolea.7e6d76cf.tlog\link.command.1.tlog
d:\users\st\folder_online\16\socket\consoleapplication7\consoleapplication7\debug\consolea.7e6d76cf.tlog\link.read.1.tlog
d:\users\st\folder_online\16\socket\consoleapplication7\consoleapplication7\debug\consolea.7e6d76cf.tlog\link.write.1.tlog
