  cdmHost.cpp
  fucntion.cpp
D:\Users\Downloads\project\st\Folder_online\noteBurner\keeper\widevinecdm\widevinecdm\fucntion.cpp(19,9): warning C4101: “n”: 未引用的局部变量
  base64.cpp
  webNetwork.cpp
D:\Users\Downloads\project\st\Folder_online\noteBurner\keeper\widevinecdm\widevinecdm\webNetwork.cpp(1,1): warning C4828: 文件包含在偏移 0xc8 处开始的字符，该字符在当前源字符集中无效(代码页 65001)。
D:\Users\Downloads\project\st\Folder_online\noteBurner\keeper\widevinecdm\widevinecdm\webNetwork.cpp(1,1): warning C4828: 文件包含在偏移 0xc9 处开始的字符，该字符在当前源字符集中无效(代码页 65001)。
D:\Users\Downloads\project\st\Folder_online\noteBurner\keeper\widevinecdm\widevinecdm\webNetwork.cpp(1,1): warning C4828: 文件包含在偏移 0xca 处开始的字符，该字符在当前源字符集中无效(代码页 65001)。
D:\Users\Downloads\project\st\Folder_online\noteBurner\keeper\widevinecdm\widevinecdm\webNetwork.cpp(1,1): warning C4828: 文件包含在偏移 0xcb 处开始的字符，该字符在当前源字符集中无效(代码页 65001)。
D:\Users\Downloads\project\st\Folder_online\noteBurner\keeper\widevinecdm\widevinecdm\webNetwork.cpp(1,1): warning C4828: 文件包含在偏移 0xd5 处开始的字符，该字符在当前源字符集中无效(代码页 65001)。
D:\Users\Downloads\project\st\Folder_online\noteBurner\keeper\widevinecdm\widevinecdm\webNetwork.cpp(1,1): warning C4828: 文件包含在偏移 0xd8 处开始的字符，该字符在当前源字符集中无效(代码页 65001)。
D:\Users\Downloads\project\st\Folder_online\noteBurner\keeper\widevinecdm\widevinecdm\webNetwork.cpp(1,1): warning C4828: 文件包含在偏移 0xd9 处开始的字符，该字符在当前源字符集中无效(代码页 65001)。
D:\Users\Downloads\project\st\Folder_online\noteBurner\keeper\widevinecdm\widevinecdm\webNetwork.cpp(1,1): warning C4828: 文件包含在偏移 0xda 处开始的字符，该字符在当前源字符集中无效(代码页 65001)。
D:\Users\Downloads\project\st\Folder_online\noteBurner\keeper\widevinecdm\widevinecdm\webNetwork.cpp(1,1): warning C4828: 文件包含在偏移 0xdc 处开始的字符，该字符在当前源字符集中无效(代码页 65001)。
D:\Users\Downloads\project\st\Folder_online\noteBurner\keeper\widevinecdm\widevinecdm\webNetwork.cpp(1,1): warning C4828: 文件包含在偏移 0x18a 处开始的字符，该字符在当前源字符集中无效(代码页 65001)。
D:\Users\Downloads\project\st\Folder_online\noteBurner\keeper\widevinecdm\widevinecdm\webNetwork.cpp(1,1): warning C4828: 文件包含在偏移 0x18b 处开始的字符，该字符在当前源字符集中无效(代码页 65001)。
D:\Users\Downloads\project\st\Folder_online\noteBurner\keeper\widevinecdm\widevinecdm\webNetwork.cpp(1,1): warning C4828: 文件包含在偏移 0x18c 处开始的字符，该字符在当前源字符集中无效(代码页 65001)。
D:\Users\Downloads\project\st\Folder_online\noteBurner\keeper\widevinecdm\widevinecdm\webNetwork.cpp(1,1): warning C4828: 文件包含在偏移 0x18e 处开始的字符，该字符在当前源字符集中无效(代码页 65001)。
D:\Users\Downloads\project\st\Folder_online\noteBurner\keeper\widevinecdm\widevinecdm\webNetwork.cpp(1,1): warning C4828: 文件包含在偏移 0x190 处开始的字符，该字符在当前源字符集中无效(代码页 65001)。
D:\Users\Downloads\project\st\Folder_online\noteBurner\keeper\widevinecdm\widevinecdm\webNetwork.cpp(1,1): warning C4828: 文件包含在偏移 0x191 处开始的字符，该字符在当前源字符集中无效(代码页 65001)。
D:\Users\Downloads\project\st\Folder_online\noteBurner\keeper\widevinecdm\widevinecdm\webNetwork.cpp(1,1): warning C4828: 文件包含在偏移 0x192 处开始的字符，该字符在当前源字符集中无效(代码页 65001)。
D:\Users\Downloads\project\st\Folder_online\noteBurner\keeper\widevinecdm\widevinecdm\webNetwork.cpp(1,1): warning C4828: 文件包含在偏移 0x193 处开始的字符，该字符在当前源字符集中无效(代码页 65001)。
D:\Users\Downloads\project\st\Folder_online\noteBurner\keeper\widevinecdm\widevinecdm\webNetwork.cpp(1,1): warning C4828: 文件包含在偏移 0x196 处开始的字符，该字符在当前源字符集中无效(代码页 65001)。
D:\Users\Downloads\project\st\Folder_online\noteBurner\keeper\widevinecdm\widevinecdm\webNetwork.cpp(1,1): warning C4828: 文件包含在偏移 0x199 处开始的字符，该字符在当前源字符集中无效(代码页 65001)。
D:\Users\Downloads\project\st\Folder_online\noteBurner\keeper\widevinecdm\widevinecdm\webNetwork.cpp(1,1): warning C4828: 文件包含在偏移 0x19a 处开始的字符，该字符在当前源字符集中无效(代码页 65001)。
D:\Users\Downloads\project\st\Folder_online\noteBurner\keeper\widevinecdm\widevinecdm\webNetwork.cpp(1,1): warning C4828: 文件包含在偏移 0x19b 处开始的字符，该字符在当前源字符集中无效(代码页 65001)。
D:\Users\Downloads\project\st\Folder_online\noteBurner\keeper\widevinecdm\widevinecdm\webNetwork.cpp(1,1): warning C4828: 文件包含在偏移 0x19e 处开始的字符，该字符在当前源字符集中无效(代码页 65001)。
D:\Users\Downloads\project\st\Folder_online\noteBurner\keeper\widevinecdm\widevinecdm\webNetwork.cpp(1,1): warning C4828: 文件包含在偏移 0x1a0 处开始的字符，该字符在当前源字符集中无效(代码页 65001)。
D:\Users\Downloads\project\st\Folder_online\noteBurner\keeper\widevinecdm\widevinecdm\webNetwork.cpp(1,1): warning C4828: 文件包含在偏移 0x1a4 处开始的字符，该字符在当前源字符集中无效(代码页 65001)。
D:\Users\Downloads\project\st\Folder_online\noteBurner\keeper\widevinecdm\widevinecdm\webNetwork.cpp(1,1): warning C4828: 文件包含在偏移 0x1a5 处开始的字符，该字符在当前源字符集中无效(代码页 65001)。
D:\Users\Downloads\project\st\Folder_online\noteBurner\keeper\widevinecdm\widevinecdm\webNetwork.cpp(1,1): warning C4828: 文件包含在偏移 0x1a6 处开始的字符，该字符在当前源字符集中无效(代码页 65001)。
D:\Users\Downloads\project\st\Folder_online\noteBurner\keeper\widevinecdm\widevinecdm\webNetwork.cpp(1,1): warning C4828: 文件包含在偏移 0x1a9 处开始的字符，该字符在当前源字符集中无效(代码页 65001)。
D:\Users\Downloads\project\st\Folder_online\noteBurner\keeper\widevinecdm\widevinecdm\webNetwork.cpp(1,1): warning C4828: 文件包含在偏移 0x1aa 处开始的字符，该字符在当前源字符集中无效(代码页 65001)。
D:\Users\Downloads\project\st\Folder_online\noteBurner\keeper\widevinecdm\widevinecdm\webNetwork.cpp(1,1): warning C4828: 文件包含在偏移 0x1ab 处开始的字符，该字符在当前源字符集中无效(代码页 65001)。
D:\Users\Downloads\project\st\Folder_online\noteBurner\keeper\widevinecdm\widevinecdm\webNetwork.cpp(1,1): warning C4828: 文件包含在偏移 0x1ac 处开始的字符，该字符在当前源字符集中无效(代码页 65001)。
D:\Users\Downloads\project\st\Folder_online\noteBurner\keeper\widevinecdm\widevinecdm\webNetwork.cpp(1,1): warning C4828: 文件包含在偏移 0x1ae 处开始的字符，该字符在当前源字符集中无效(代码页 65001)。
D:\Users\Downloads\project\st\Folder_online\noteBurner\keeper\widevinecdm\widevinecdm\webNetwork.cpp(1,1): warning C4828: 文件包含在偏移 0x1b0 处开始的字符，该字符在当前源字符集中无效(代码页 65001)。
D:\Users\Downloads\project\st\Folder_online\noteBurner\keeper\widevinecdm\widevinecdm\webNetwork.cpp(1,1): warning C4828: 文件包含在偏移 0x1b3 处开始的字符，该字符在当前源字符集中无效(代码页 65001)。
D:\Users\Downloads\project\st\Folder_online\noteBurner\keeper\widevinecdm\widevinecdm\webNetwork.cpp(1,1): warning C4828: 文件包含在偏移 0x253 处开始的字符，该字符在当前源字符集中无效(代码页 65001)。
D:\Users\Downloads\project\st\Folder_online\noteBurner\keeper\widevinecdm\widevinecdm\webNetwork.cpp(1,1): warning C4828: 文件包含在偏移 0x254 处开始的字符，该字符在当前源字符集中无效(代码页 65001)。
D:\Users\Downloads\project\st\Folder_online\noteBurner\keeper\widevinecdm\widevinecdm\webNetwork.cpp(1,1): warning C4828: 文件包含在偏移 0x255 处开始的字符，该字符在当前源字符集中无效(代码页 65001)。
D:\Users\Downloads\project\st\Folder_online\noteBurner\keeper\widevinecdm\widevinecdm\webNetwork.cpp(1,1): warning C4828: 文件包含在偏移 0x257 处开始的字符，该字符在当前源字符集中无效(代码页 65001)。
D:\Users\Downloads\project\st\Folder_online\noteBurner\keeper\widevinecdm\widevinecdm\webNetwork.cpp(1,1): warning C4828: 文件包含在偏移 0x258 处开始的字符，该字符在当前源字符集中无效(代码页 65001)。
D:\Users\Downloads\project\st\Folder_online\noteBurner\keeper\widevinecdm\widevinecdm\webNetwork.cpp(1,1): warning C4828: 文件包含在偏移 0x259 处开始的字符，该字符在当前源字符集中无效(代码页 65001)。
D:\Users\Downloads\project\st\Folder_online\noteBurner\keeper\widevinecdm\widevinecdm\webNetwork.cpp(1,1): warning C4828: 文件包含在偏移 0x25a 处开始的字符，该字符在当前源字符集中无效(代码页 65001)。
D:\Users\Downloads\project\st\Folder_online\noteBurner\keeper\widevinecdm\widevinecdm\webNetwork.cpp(1,1): warning C4828: 文件包含在偏移 0x25d 处开始的字符，该字符在当前源字符集中无效(代码页 65001)。
D:\Users\Downloads\project\st\Folder_online\noteBurner\keeper\widevinecdm\widevinecdm\webNetwork.cpp(1,1): warning C4828: 文件包含在偏移 0x25f 处开始的字符，该字符在当前源字符集中无效(代码页 65001)。
D:\Users\Downloads\project\st\Folder_online\noteBurner\keeper\widevinecdm\widevinecdm\webNetwork.cpp(1,1): warning C4828: 文件包含在偏移 0x263 处开始的字符，该字符在当前源字符集中无效(代码页 65001)。
D:\Users\Downloads\project\st\Folder_online\noteBurner\keeper\widevinecdm\widevinecdm\webNetwork.cpp(1,1): warning C4828: 文件包含在偏移 0x268 处开始的字符，该字符在当前源字符集中无效(代码页 65001)。
D:\Users\Downloads\project\st\Folder_online\noteBurner\keeper\widevinecdm\widevinecdm\webNetwork.cpp(1,1): warning C4828: 文件包含在偏移 0x26c 处开始的字符，该字符在当前源字符集中无效(代码页 65001)。
D:\Users\Downloads\project\st\Folder_online\noteBurner\keeper\widevinecdm\widevinecdm\webNetwork.cpp(1,1): warning C4828: 文件包含在偏移 0x2dd 处开始的字符，该字符在当前源字符集中无效(代码页 65001)。
D:\Users\Downloads\project\st\Folder_online\noteBurner\keeper\widevinecdm\widevinecdm\webNetwork.cpp(1,1): warning C4828: 文件包含在偏移 0x2de 处开始的字符，该字符在当前源字符集中无效(代码页 65001)。
D:\Users\Downloads\project\st\Folder_online\noteBurner\keeper\widevinecdm\widevinecdm\webNetwork.cpp(1,1): warning C4828: 文件包含在偏移 0x2e2 处开始的字符，该字符在当前源字符集中无效(代码页 65001)。
D:\Users\Downloads\project\st\Folder_online\noteBurner\keeper\widevinecdm\widevinecdm\webNetwork.cpp(1,1): warning C4828: 文件包含在偏移 0x2e3 处开始的字符，该字符在当前源字符集中无效(代码页 65001)。
D:\Users\Downloads\project\st\Folder_online\noteBurner\keeper\widevinecdm\widevinecdm\webNetwork.cpp(1,1): warning C4828: 文件包含在偏移 0x2e7 处开始的字符，该字符在当前源字符集中无效(代码页 65001)。
D:\Users\Downloads\project\st\Folder_online\noteBurner\keeper\widevinecdm\widevinecdm\webNetwork.cpp(1,1): warning C4828: 文件包含在偏移 0x2e8 处开始的字符，该字符在当前源字符集中无效(代码页 65001)。
D:\Users\Downloads\project\st\Folder_online\noteBurner\keeper\widevinecdm\widevinecdm\webNetwork.cpp(1,1): warning C4828: 文件包含在偏移 0x319 处开始的字符，该字符在当前源字符集中无效(代码页 65001)。
D:\Users\Downloads\project\st\Folder_online\noteBurner\keeper\widevinecdm\widevinecdm\webNetwork.cpp(1,1): warning C4828: 文件包含在偏移 0x31b 处开始的字符，该字符在当前源字符集中无效(代码页 65001)。
D:\Users\Downloads\project\st\Folder_online\noteBurner\keeper\widevinecdm\widevinecdm\webNetwork.cpp(1,1): warning C4828: 文件包含在偏移 0x31d 处开始的字符，该字符在当前源字符集中无效(代码页 65001)。
D:\Users\Downloads\project\st\Folder_online\noteBurner\keeper\widevinecdm\widevinecdm\webNetwork.cpp(1,1): warning C4828: 文件包含在偏移 0x321 处开始的字符，该字符在当前源字符集中无效(代码页 65001)。
D:\Users\Downloads\project\st\Folder_online\noteBurner\keeper\widevinecdm\widevinecdm\webNetwork.cpp(1,1): warning C4828: 文件包含在偏移 0x322 处开始的字符，该字符在当前源字符集中无效(代码页 65001)。
D:\Users\Downloads\project\st\Folder_online\noteBurner\keeper\widevinecdm\widevinecdm\webNetwork.cpp(1,1): warning C4828: 文件包含在偏移 0x325 处开始的字符，该字符在当前源字符集中无效(代码页 65001)。
D:\Users\Downloads\project\st\Folder_online\noteBurner\keeper\widevinecdm\widevinecdm\webNetwork.cpp(1,1): warning C4828: 文件包含在偏移 0x327 处开始的字符，该字符在当前源字符集中无效(代码页 65001)。
D:\Users\Downloads\project\st\Folder_online\noteBurner\keeper\widevinecdm\widevinecdm\webNetwork.cpp(1,1): warning C4828: 文件包含在偏移 0x328 处开始的字符，该字符在当前源字符集中无效(代码页 65001)。
D:\Users\Downloads\project\st\Folder_online\noteBurner\keeper\widevinecdm\widevinecdm\webNetwork.cpp(1,1): warning C4828: 文件包含在偏移 0x329 处开始的字符，该字符在当前源字符集中无效(代码页 65001)。
D:\Users\Downloads\project\st\Folder_online\noteBurner\keeper\widevinecdm\widevinecdm\webNetwork.cpp(1,1): warning C4828: 文件包含在偏移 0x32a 处开始的字符，该字符在当前源字符集中无效(代码页 65001)。
D:\Users\Downloads\project\st\Folder_online\noteBurner\keeper\widevinecdm\widevinecdm\webNetwork.cpp(1,1): warning C4828: 文件包含在偏移 0x32c 处开始的字符，该字符在当前源字符集中无效(代码页 65001)。
D:\Users\Downloads\project\st\Folder_online\noteBurner\keeper\widevinecdm\widevinecdm\webNetwork.cpp(1,1): warning C4828: 文件包含在偏移 0x32f 处开始的字符，该字符在当前源字符集中无效(代码页 65001)。
D:\Users\Downloads\project\st\Folder_online\noteBurner\keeper\widevinecdm\widevinecdm\webNetwork.cpp(1,1): warning C4828: 文件包含在偏移 0x330 处开始的字符，该字符在当前源字符集中无效(代码页 65001)。
D:\Users\Downloads\project\st\Folder_online\noteBurner\keeper\widevinecdm\widevinecdm\webNetwork.cpp(1,1): warning C4828: 文件包含在偏移 0x331 处开始的字符，该字符在当前源字符集中无效(代码页 65001)。
D:\Users\Downloads\project\st\Folder_online\noteBurner\keeper\widevinecdm\widevinecdm\webNetwork.cpp(1,1): warning C4828: 文件包含在偏移 0x333 处开始的字符，该字符在当前源字符集中无效(代码页 65001)。
D:\Users\Downloads\project\st\Folder_online\noteBurner\keeper\widevinecdm\widevinecdm\webNetwork.cpp(1,1): warning C4828: 文件包含在偏移 0x334 处开始的字符，该字符在当前源字符集中无效(代码页 65001)。
D:\Users\Downloads\project\st\Folder_online\noteBurner\keeper\widevinecdm\widevinecdm\webNetwork.cpp(1,1): warning C4828: 文件包含在偏移 0x338 处开始的字符，该字符在当前源字符集中无效(代码页 65001)。
D:\Users\Downloads\project\st\Folder_online\noteBurner\keeper\widevinecdm\widevinecdm\webNetwork.cpp(1,1): warning C4828: 文件包含在偏移 0x339 处开始的字符，该字符在当前源字符集中无效(代码页 65001)。
D:\Users\Downloads\project\st\Folder_online\noteBurner\keeper\widevinecdm\widevinecdm\webNetwork.cpp(1,1): warning C4828: 文件包含在偏移 0x33a 处开始的字符，该字符在当前源字符集中无效(代码页 65001)。
D:\Users\Downloads\project\st\Folder_online\noteBurner\keeper\widevinecdm\widevinecdm\webNetwork.cpp(1,1): warning C4828: 文件包含在偏移 0x33c 处开始的字符，该字符在当前源字符集中无效(代码页 65001)。
D:\Users\Downloads\project\st\Folder_online\noteBurner\keeper\widevinecdm\widevinecdm\webNetwork.cpp(1,1): warning C4828: 文件包含在偏移 0x33f 处开始的字符，该字符在当前源字符集中无效(代码页 65001)。
D:\Users\Downloads\project\st\Folder_online\noteBurner\keeper\widevinecdm\widevinecdm\webNetwork.cpp(1,1): warning C4828: 文件包含在偏移 0x340 处开始的字符，该字符在当前源字符集中无效(代码页 65001)。
D:\Users\Downloads\project\st\Folder_online\noteBurner\keeper\widevinecdm\widevinecdm\webNetwork.cpp(1,1): warning C4828: 文件包含在偏移 0x341 处开始的字符，该字符在当前源字符集中无效(代码页 65001)。
D:\Users\Downloads\project\st\Folder_online\noteBurner\keeper\widevinecdm\widevinecdm\webNetwork.cpp(1,1): warning C4828: 文件包含在偏移 0x343 处开始的字符，该字符在当前源字符集中无效(代码页 65001)。
D:\Users\Downloads\project\st\Folder_online\noteBurner\keeper\widevinecdm\widevinecdm\webNetwork.cpp(1,1): warning C4828: 文件包含在偏移 0x345 处开始的字符，该字符在当前源字符集中无效(代码页 65001)。
D:\Users\Downloads\project\st\Folder_online\noteBurner\keeper\widevinecdm\widevinecdm\webNetwork.cpp(1,1): warning C4828: 文件包含在偏移 0x346 处开始的字符，该字符在当前源字符集中无效(代码页 65001)。
D:\Users\Downloads\project\st\Folder_online\noteBurner\keeper\widevinecdm\widevinecdm\webNetwork.cpp(1,1): warning C4828: 文件包含在偏移 0x347 处开始的字符，该字符在当前源字符集中无效(代码页 65001)。
D:\Users\Downloads\project\st\Folder_online\noteBurner\keeper\widevinecdm\widevinecdm\webNetwork.cpp(1,1): warning C4828: 文件包含在偏移 0x348 处开始的字符，该字符在当前源字符集中无效(代码页 65001)。
D:\Users\Downloads\project\st\Folder_online\noteBurner\keeper\widevinecdm\widevinecdm\webNetwork.cpp(1,1): warning C4828: 文件包含在偏移 0x349 处开始的字符，该字符在当前源字符集中无效(代码页 65001)。
D:\Users\Downloads\project\st\Folder_online\noteBurner\keeper\widevinecdm\widevinecdm\webNetwork.cpp(1,1): warning C4828: 文件包含在偏移 0x34a 处开始的字符，该字符在当前源字符集中无效(代码页 65001)。
D:\Users\Downloads\project\st\Folder_online\noteBurner\keeper\widevinecdm\widevinecdm\webNetwork.cpp(1,1): warning C4828: 文件包含在偏移 0x362 处开始的字符，该字符在当前源字符集中无效(代码页 65001)。
D:\Users\Downloads\project\st\Folder_online\noteBurner\keeper\widevinecdm\widevinecdm\webNetwork.cpp(1,1): warning C4828: 文件包含在偏移 0x364 处开始的字符，该字符在当前源字符集中无效(代码页 65001)。
D:\Users\Downloads\project\st\Folder_online\noteBurner\keeper\widevinecdm\widevinecdm\webNetwork.cpp(1,1): warning C4828: 文件包含在偏移 0x366 处开始的字符，该字符在当前源字符集中无效(代码页 65001)。
D:\Users\Downloads\project\st\Folder_online\noteBurner\keeper\widevinecdm\widevinecdm\webNetwork.cpp(1,1): warning C4828: 文件包含在偏移 0x367 处开始的字符，该字符在当前源字符集中无效(代码页 65001)。
D:\Users\Downloads\project\st\Folder_online\noteBurner\keeper\widevinecdm\widevinecdm\webNetwork.cpp(1,1): warning C4828: 文件包含在偏移 0x368 处开始的字符，该字符在当前源字符集中无效(代码页 65001)。
D:\Users\Downloads\project\st\Folder_online\noteBurner\keeper\widevinecdm\widevinecdm\webNetwork.cpp(1,1): warning C4828: 文件包含在偏移 0x36a 处开始的字符，该字符在当前源字符集中无效(代码页 65001)。
D:\Users\Downloads\project\st\Folder_online\noteBurner\keeper\widevinecdm\widevinecdm\webNetwork.cpp(1,1): warning C4828: 文件包含在偏移 0x36c 处开始的字符，该字符在当前源字符集中无效(代码页 65001)。
D:\Users\Downloads\project\st\Folder_online\noteBurner\keeper\widevinecdm\widevinecdm\webNetwork.cpp(1,1): warning C4828: 文件包含在偏移 0x36f 处开始的字符，该字符在当前源字符集中无效(代码页 65001)。
D:\Users\Downloads\project\st\Folder_online\noteBurner\keeper\widevinecdm\widevinecdm\webNetwork.cpp(1,1): warning C4828: 文件包含在偏移 0x370 处开始的字符，该字符在当前源字符集中无效(代码页 65001)。
D:\Users\Downloads\project\st\Folder_online\noteBurner\keeper\widevinecdm\widevinecdm\webNetwork.cpp(1,1): warning C4828: 文件包含在偏移 0x371 处开始的字符，该字符在当前源字符集中无效(代码页 65001)。
D:\Users\Downloads\project\st\Folder_online\noteBurner\keeper\widevinecdm\widevinecdm\webNetwork.cpp(1,1): warning C4828: 文件包含在偏移 0x372 处开始的字符，该字符在当前源字符集中无效(代码页 65001)。
D:\Users\Downloads\project\st\Folder_online\noteBurner\keeper\widevinecdm\widevinecdm\webNetwork.cpp(1,1): warning C4828: 文件包含在偏移 0x373 处开始的字符，该字符在当前源字符集中无效(代码页 65001)。
D:\Users\Downloads\project\st\Folder_online\noteBurner\keeper\widevinecdm\widevinecdm\webNetwork.cpp(1,1): warning C4828: 文件包含在偏移 0x378 处开始的字符，该字符在当前源字符集中无效(代码页 65001)。
D:\Users\Downloads\project\st\Folder_online\noteBurner\keeper\widevinecdm\widevinecdm\webNetwork.cpp(1,1): warning C4828: 文件包含在偏移 0x37b 处开始的字符，该字符在当前源字符集中无效(代码页 65001)。
D:\Users\Downloads\project\st\Folder_online\noteBurner\keeper\widevinecdm\widevinecdm\webNetwork.cpp(1,1): warning C4828: 文件包含在偏移 0x37c 处开始的字符，该字符在当前源字符集中无效(代码页 65001)。
D:\Users\Downloads\project\st\Folder_online\noteBurner\keeper\widevinecdm\widevinecdm\webNetwork.cpp(1,1): warning C4828: 文件包含在偏移 0x37d 处开始的字符，该字符在当前源字符集中无效(代码页 65001)。
D:\Users\Downloads\project\st\Folder_online\noteBurner\keeper\widevinecdm\widevinecdm\webNetwork.cpp(1,1): warning C4828: 文件包含在偏移 0x381 处开始的字符，该字符在当前源字符集中无效(代码页 65001)。
D:\Users\Downloads\project\st\Folder_online\noteBurner\keeper\widevinecdm\widevinecdm\webNetwork.cpp(1,1): warning C4828: 文件包含在偏移 0x416 处开始的字符，该字符在当前源字符集中无效(代码页 65001)。
D:\Users\Downloads\project\st\Folder_online\noteBurner\keeper\widevinecdm\widevinecdm\webNetwork.cpp(1,1): warning C4828: 文件包含在偏移 0x417 处开始的字符，该字符在当前源字符集中无效(代码页 65001)。
D:\Users\Downloads\project\st\Folder_online\noteBurner\keeper\widevinecdm\widevinecdm\webNetwork.cpp(1,1): warning C4828: 文件包含在偏移 0x418 处开始的字符，该字符在当前源字符集中无效(代码页 65001)。
D:\Users\Downloads\project\st\Folder_online\noteBurner\keeper\widevinecdm\widevinecdm\webNetwork.cpp(1,1): warning C4828: 文件包含在偏移 0x41a 处开始的字符，该字符在当前源字符集中无效(代码页 65001)。
D:\Users\Downloads\project\st\Folder_online\noteBurner\keeper\widevinecdm\widevinecdm\webNetwork.cpp(1,1): warning C4828: 文件包含在偏移 0x41b 处开始的字符，该字符在当前源字符集中无效(代码页 65001)。
D:\Users\Downloads\project\st\Folder_online\noteBurner\keeper\widevinecdm\widevinecdm\webNetwork.cpp(1,1): warning C4828: 文件包含在偏移 0x41c 处开始的字符，该字符在当前源字符集中无效(代码页 65001)。
D:\Users\Downloads\project\st\Folder_online\noteBurner\keeper\widevinecdm\widevinecdm\webNetwork.cpp(1,1): warning C4828: 文件包含在偏移 0x41d 处开始的字符，该字符在当前源字符集中无效(代码页 65001)。
D:\Users\Downloads\project\st\Folder_online\noteBurner\keeper\widevinecdm\widevinecdm\webNetwork.cpp(1,1): warning C4828: 文件包含在偏移 0x41e 处开始的字符，该字符在当前源字符集中无效(代码页 65001)。
D:\Users\Downloads\project\st\Folder_online\noteBurner\keeper\widevinecdm\widevinecdm\webNetwork.cpp(1,1): warning C4828: 文件包含在偏移 0x421 处开始的字符，该字符在当前源字符集中无效(代码页 65001)。
D:\Users\Downloads\project\st\Folder_online\noteBurner\keeper\widevinecdm\widevinecdm\webNetwork.cpp(1,1): warning C4828: 文件包含在偏移 0x422 处开始的字符，该字符在当前源字符集中无效(代码页 65001)。
D:\Users\Downloads\project\st\Folder_online\noteBurner\keeper\widevinecdm\widevinecdm\webNetwork.cpp(1,1): warning C4828: 文件包含在偏移 0x424 处开始的字符，该字符在当前源字符集中无效(代码页 65001)。
D:\Users\Downloads\project\st\Folder_online\noteBurner\keeper\widevinecdm\widevinecdm\webNetwork.cpp(1,1): warning C4828: 文件包含在偏移 0x426 处开始的字符，该字符在当前源字符集中无效(代码页 65001)。
D:\Users\Downloads\project\st\Folder_online\noteBurner\keeper\widevinecdm\widevinecdm\webNetwork.cpp(1,1): warning C4828: 文件包含在偏移 0x427 处开始的字符，该字符在当前源字符集中无效(代码页 65001)。
D:\Users\Downloads\project\st\Folder_online\noteBurner\keeper\widevinecdm\widevinecdm\webNetwork.cpp(1,1): warning C4828: 文件包含在偏移 0x428 处开始的字符，该字符在当前源字符集中无效(代码页 65001)。
D:\Users\Downloads\project\st\Folder_online\noteBurner\keeper\widevinecdm\widevinecdm\webNetwork.cpp(1,1): warning C4828: 文件包含在偏移 0x429 处开始的字符，该字符在当前源字符集中无效(代码页 65001)。
D:\Users\Downloads\project\st\Folder_online\noteBurner\keeper\widevinecdm\widevinecdm\webNetwork.cpp(1,1): warning C4828: 文件包含在偏移 0x42a 处开始的字符，该字符在当前源字符集中无效(代码页 65001)。
D:\Users\Downloads\project\st\Folder_online\noteBurner\keeper\widevinecdm\widevinecdm\webNetwork.cpp(1,1): warning C4828: 文件包含在偏移 0x42b 处开始的字符，该字符在当前源字符集中无效(代码页 65001)。
D:\Users\Downloads\project\st\Folder_online\noteBurner\keeper\widevinecdm\widevinecdm\webNetwork.cpp(1,1): warning C4828: 文件包含在偏移 0x42f 处开始的字符，该字符在当前源字符集中无效(代码页 65001)。
D:\Users\Downloads\project\st\Folder_online\noteBurner\keeper\widevinecdm\widevinecdm\webNetwork.cpp(1,1): warning C4828: 文件包含在偏移 0x437 处开始的字符，该字符在当前源字符集中无效(代码页 65001)。
D:\Users\Downloads\project\st\Folder_online\noteBurner\keeper\widevinecdm\widevinecdm\webNetwork.cpp(1,1): warning C4828: 文件包含在偏移 0x49b 处开始的字符，该字符在当前源字符集中无效(代码页 65001)。
D:\Users\Downloads\project\st\Folder_online\noteBurner\keeper\widevinecdm\widevinecdm\webNetwork.cpp(1,1): warning C4828: 文件包含在偏移 0x49c 处开始的字符，该字符在当前源字符集中无效(代码页 65001)。
D:\Users\Downloads\project\st\Folder_online\noteBurner\keeper\widevinecdm\widevinecdm\webNetwork.cpp(1,1): warning C4828: 文件包含在偏移 0x49d 处开始的字符，该字符在当前源字符集中无效(代码页 65001)。
D:\Users\Downloads\project\st\Folder_online\noteBurner\keeper\widevinecdm\widevinecdm\webNetwork.cpp(1,1): warning C4828: 文件包含在偏移 0x49e 处开始的字符，该字符在当前源字符集中无效(代码页 65001)。
D:\Users\Downloads\project\st\Folder_online\noteBurner\keeper\widevinecdm\widevinecdm\webNetwork.cpp(1,1): warning C4828: 文件包含在偏移 0x4a0 处开始的字符，该字符在当前源字符集中无效(代码页 65001)。
D:\Users\Downloads\project\st\Folder_online\noteBurner\keeper\widevinecdm\widevinecdm\webNetwork.cpp(1,1): warning C4828: 文件包含在偏移 0x4a1 处开始的字符，该字符在当前源字符集中无效(代码页 65001)。
D:\Users\Downloads\project\st\Folder_online\noteBurner\keeper\widevinecdm\widevinecdm\webNetwork.cpp(1,1): warning C4828: 文件包含在偏移 0x4a3 处开始的字符，该字符在当前源字符集中无效(代码页 65001)。
D:\Users\Downloads\project\st\Folder_online\noteBurner\keeper\widevinecdm\widevinecdm\webNetwork.cpp(1,1): warning C4828: 文件包含在偏移 0x4a5 处开始的字符，该字符在当前源字符集中无效(代码页 65001)。
D:\Users\Downloads\project\st\Folder_online\noteBurner\keeper\widevinecdm\widevinecdm\webNetwork.cpp(1,1): warning C4828: 文件包含在偏移 0x4a6 处开始的字符，该字符在当前源字符集中无效(代码页 65001)。
D:\Users\Downloads\project\st\Folder_online\noteBurner\keeper\widevinecdm\widevinecdm\webNetwork.cpp(1,1): warning C4828: 文件包含在偏移 0x4a8 处开始的字符，该字符在当前源字符集中无效(代码页 65001)。
D:\Users\Downloads\project\st\Folder_online\noteBurner\keeper\widevinecdm\widevinecdm\webNetwork.cpp(1,1): warning C4828: 文件包含在偏移 0x4aa 处开始的字符，该字符在当前源字符集中无效(代码页 65001)。
D:\Users\Downloads\project\st\Folder_online\noteBurner\keeper\widevinecdm\widevinecdm\webNetwork.cpp(1,1): warning C4828: 文件包含在偏移 0x4ab 处开始的字符，该字符在当前源字符集中无效(代码页 65001)。
D:\Users\Downloads\project\st\Folder_online\noteBurner\keeper\widevinecdm\widevinecdm\webNetwork.cpp(1,1): warning C4828: 文件包含在偏移 0x4ac 处开始的字符，该字符在当前源字符集中无效(代码页 65001)。
D:\Users\Downloads\project\st\Folder_online\noteBurner\keeper\widevinecdm\widevinecdm\webNetwork.cpp(1,1): warning C4828: 文件包含在偏移 0x5cd 处开始的字符，该字符在当前源字符集中无效(代码页 65001)。
D:\Users\Downloads\project\st\Folder_online\noteBurner\keeper\widevinecdm\widevinecdm\webNetwork.cpp(1,1): warning C4828: 文件包含在偏移 0x5ce 处开始的字符，该字符在当前源字符集中无效(代码页 65001)。
D:\Users\Downloads\project\st\Folder_online\noteBurner\keeper\widevinecdm\widevinecdm\webNetwork.cpp(1,1): warning C4828: 文件包含在偏移 0x5d2 处开始的字符，该字符在当前源字符集中无效(代码页 65001)。
D:\Users\Downloads\project\st\Folder_online\noteBurner\keeper\widevinecdm\widevinecdm\webNetwork.cpp(1,1): warning C4828: 文件包含在偏移 0x5d3 处开始的字符，该字符在当前源字符集中无效(代码页 65001)。
D:\Users\Downloads\project\st\Folder_online\noteBurner\keeper\widevinecdm\widevinecdm\webNetwork.cpp(1,1): warning C4828: 文件包含在偏移 0x5d6 处开始的字符，该字符在当前源字符集中无效(代码页 65001)。
D:\Users\Downloads\project\st\Folder_online\noteBurner\keeper\widevinecdm\widevinecdm\webNetwork.cpp(1,1): warning C4828: 文件包含在偏移 0x5d7 处开始的字符，该字符在当前源字符集中无效(代码页 65001)。
D:\Users\Downloads\project\st\Folder_online\noteBurner\keeper\widevinecdm\widevinecdm\webNetwork.cpp(1,1): warning C4828: 文件包含在偏移 0x5da 处开始的字符，该字符在当前源字符集中无效(代码页 65001)。
D:\Users\Downloads\project\st\Folder_online\noteBurner\keeper\widevinecdm\widevinecdm\webNetwork.cpp(1,1): warning C4828: 文件包含在偏移 0x5db 处开始的字符，该字符在当前源字符集中无效(代码页 65001)。
D:\Users\Downloads\project\st\Folder_online\noteBurner\keeper\widevinecdm\widevinecdm\webNetwork.cpp(1,1): warning C4828: 文件包含在偏移 0x5dc 处开始的字符，该字符在当前源字符集中无效(代码页 65001)。
D:\Users\Downloads\project\st\Folder_online\noteBurner\keeper\widevinecdm\widevinecdm\webNetwork.cpp(1,1): warning C4828: 文件包含在偏移 0x5e0 处开始的字符，该字符在当前源字符集中无效(代码页 65001)。
D:\Users\Downloads\project\st\Folder_online\noteBurner\keeper\widevinecdm\widevinecdm\webNetwork.cpp(1,1): warning C4828: 文件包含在偏移 0x5e3 处开始的字符，该字符在当前源字符集中无效(代码页 65001)。
D:\Users\Downloads\project\st\Folder_online\noteBurner\keeper\widevinecdm\widevinecdm\webNetwork.cpp(1,1): warning C4828: 文件包含在偏移 0x5e6 处开始的字符，该字符在当前源字符集中无效(代码页 65001)。
D:\Users\Downloads\project\st\Folder_online\noteBurner\keeper\widevinecdm\widevinecdm\webNetwork.cpp(1,1): warning C4828: 文件包含在偏移 0x5ea 处开始的字符，该字符在当前源字符集中无效(代码页 65001)。
D:\Users\Downloads\project\st\Folder_online\noteBurner\keeper\widevinecdm\widevinecdm\webNetwork.cpp(1,1): warning C4828: 文件包含在偏移 0x65b 处开始的字符，该字符在当前源字符集中无效(代码页 65001)。
D:\Users\Downloads\project\st\Folder_online\noteBurner\keeper\widevinecdm\widevinecdm\webNetwork.cpp(1,1): warning C4828: 文件包含在偏移 0x65c 处开始的字符，该字符在当前源字符集中无效(代码页 65001)。
D:\Users\Downloads\project\st\Folder_online\noteBurner\keeper\widevinecdm\widevinecdm\webNetwork.cpp(1,1): warning C4828: 文件包含在偏移 0x65d 处开始的字符，该字符在当前源字符集中无效(代码页 65001)。
D:\Users\Downloads\project\st\Folder_online\noteBurner\keeper\widevinecdm\widevinecdm\webNetwork.cpp(1,1): warning C4828: 文件包含在偏移 0x660 处开始的字符，该字符在当前源字符集中无效(代码页 65001)。
D:\Users\Downloads\project\st\Folder_online\noteBurner\keeper\widevinecdm\widevinecdm\webNetwork.cpp(1,1): warning C4828: 文件包含在偏移 0x661 处开始的字符，该字符在当前源字符集中无效(代码页 65001)。
D:\Users\Downloads\project\st\Folder_online\noteBurner\keeper\widevinecdm\widevinecdm\webNetwork.cpp(1,1): warning C4828: 文件包含在偏移 0x662 处开始的字符，该字符在当前源字符集中无效(代码页 65001)。
D:\Users\Downloads\project\st\Folder_online\noteBurner\keeper\widevinecdm\widevinecdm\webNetwork.cpp(1,1): warning C4828: 文件包含在偏移 0x663 处开始的字符，该字符在当前源字符集中无效(代码页 65001)。
D:\Users\Downloads\project\st\Folder_online\noteBurner\keeper\widevinecdm\widevinecdm\webNetwork.cpp(1,1): warning C4828: 文件包含在偏移 0x665 处开始的字符，该字符在当前源字符集中无效(代码页 65001)。
D:\Users\Downloads\project\st\Folder_online\noteBurner\keeper\widevinecdm\widevinecdm\webNetwork.cpp(1,1): warning C4828: 文件包含在偏移 0x71d 处开始的字符，该字符在当前源字符集中无效(代码页 65001)。
D:\Users\Downloads\project\st\Folder_online\noteBurner\keeper\widevinecdm\widevinecdm\webNetwork.cpp(1,1): warning C4828: 文件包含在偏移 0x71f 处开始的字符，该字符在当前源字符集中无效(代码页 65001)。
D:\Users\Downloads\project\st\Folder_online\noteBurner\keeper\widevinecdm\widevinecdm\webNetwork.cpp(1,1): warning C4828: 文件包含在偏移 0x720 处开始的字符，该字符在当前源字符集中无效(代码页 65001)。
D:\Users\Downloads\project\st\Folder_online\noteBurner\keeper\widevinecdm\widevinecdm\webNetwork.cpp(1,1): warning C4828: 文件包含在偏移 0x721 处开始的字符，该字符在当前源字符集中无效(代码页 65001)。
D:\Users\Downloads\project\st\Folder_online\noteBurner\keeper\widevinecdm\widevinecdm\webNetwork.cpp(1,1): warning C4828: 文件包含在偏移 0x722 处开始的字符，该字符在当前源字符集中无效(代码页 65001)。
D:\Users\Downloads\project\st\Folder_online\noteBurner\keeper\widevinecdm\widevinecdm\webNetwork.cpp(1,1): warning C4828: 文件包含在偏移 0x723 处开始的字符，该字符在当前源字符集中无效(代码页 65001)。
D:\Users\Downloads\project\st\Folder_online\noteBurner\keeper\widevinecdm\widevinecdm\webNetwork.cpp(1,1): warning C4828: 文件包含在偏移 0x724 处开始的字符，该字符在当前源字符集中无效(代码页 65001)。
D:\Users\Downloads\project\st\Folder_online\noteBurner\keeper\widevinecdm\widevinecdm\webNetwork.cpp(1,1): warning C4828: 文件包含在偏移 0x725 处开始的字符，该字符在当前源字符集中无效(代码页 65001)。
D:\Users\Downloads\project\st\Folder_online\noteBurner\keeper\widevinecdm\widevinecdm\webNetwork.cpp(1,1): warning C4828: 文件包含在偏移 0x726 处开始的字符，该字符在当前源字符集中无效(代码页 65001)。
D:\Users\Downloads\project\st\Folder_online\noteBurner\keeper\widevinecdm\widevinecdm\webNetwork.cpp(1,1): warning C4828: 文件包含在偏移 0x727 处开始的字符，该字符在当前源字符集中无效(代码页 65001)。
D:\Users\Downloads\project\st\Folder_online\noteBurner\keeper\widevinecdm\widevinecdm\webNetwork.cpp(1,1): warning C4828: 文件包含在偏移 0x72a 处开始的字符，该字符在当前源字符集中无效(代码页 65001)。
D:\Users\Downloads\project\st\Folder_online\noteBurner\keeper\widevinecdm\widevinecdm\webNetwork.cpp(1,1): warning C4828: 文件包含在偏移 0x77f 处开始的字符，该字符在当前源字符集中无效(代码页 65001)。
D:\Users\Downloads\project\st\Folder_online\noteBurner\keeper\widevinecdm\widevinecdm\webNetwork.cpp(1,1): warning C4828: 文件包含在偏移 0x780 处开始的字符，该字符在当前源字符集中无效(代码页 65001)。
D:\Users\Downloads\project\st\Folder_online\noteBurner\keeper\widevinecdm\widevinecdm\webNetwork.cpp(1,1): warning C4828: 文件包含在偏移 0x781 处开始的字符，该字符在当前源字符集中无效(代码页 65001)。
D:\Users\Downloads\project\st\Folder_online\noteBurner\keeper\widevinecdm\widevinecdm\webNetwork.cpp(1,1): warning C4828: 文件包含在偏移 0x784 处开始的字符，该字符在当前源字符集中无效(代码页 65001)。
D:\Users\Downloads\project\st\Folder_online\noteBurner\keeper\widevinecdm\widevinecdm\webNetwork.cpp(1,1): warning C4828: 文件包含在偏移 0x785 处开始的字符，该字符在当前源字符集中无效(代码页 65001)。
D:\Users\Downloads\project\st\Folder_online\noteBurner\keeper\widevinecdm\widevinecdm\webNetwork.cpp(1,1): warning C4828: 文件包含在偏移 0x786 处开始的字符，该字符在当前源字符集中无效(代码页 65001)。
D:\Users\Downloads\project\st\Folder_online\noteBurner\keeper\widevinecdm\widevinecdm\webNetwork.cpp(1,1): warning C4828: 文件包含在偏移 0x787 处开始的字符，该字符在当前源字符集中无效(代码页 65001)。
D:\Users\Downloads\project\st\Folder_online\noteBurner\keeper\widevinecdm\widevinecdm\webNetwork.cpp(1,1): warning C4828: 文件包含在偏移 0x789 处开始的字符，该字符在当前源字符集中无效(代码页 65001)。
D:\Users\Downloads\project\st\Folder_online\noteBurner\keeper\widevinecdm\widevinecdm\webNetwork.cpp(1,1): warning C4828: 文件包含在偏移 0x7b5 处开始的字符，该字符在当前源字符集中无效(代码页 65001)。
D:\Users\Downloads\project\st\Folder_online\noteBurner\keeper\widevinecdm\widevinecdm\webNetwork.cpp(1,1): warning C4828: 文件包含在偏移 0x7b8 处开始的字符，该字符在当前源字符集中无效(代码页 65001)。
D:\Users\Downloads\project\st\Folder_online\noteBurner\keeper\widevinecdm\widevinecdm\webNetwork.cpp(1,1): warning C4828: 文件包含在偏移 0x7b9 处开始的字符，该字符在当前源字符集中无效(代码页 65001)。
D:\Users\Downloads\project\st\Folder_online\noteBurner\keeper\widevinecdm\widevinecdm\webNetwork.cpp(1,1): warning C4828: 文件包含在偏移 0x7ba 处开始的字符，该字符在当前源字符集中无效(代码页 65001)。
D:\Users\Downloads\project\st\Folder_online\noteBurner\keeper\widevinecdm\widevinecdm\webNetwork.cpp(1,1): warning C4828: 文件包含在偏移 0x7bb 处开始的字符，该字符在当前源字符集中无效(代码页 65001)。
D:\Users\Downloads\project\st\Folder_online\noteBurner\keeper\widevinecdm\widevinecdm\webNetwork.cpp(1,1): warning C4828: 文件包含在偏移 0x7bc 处开始的字符，该字符在当前源字符集中无效(代码页 65001)。
D:\Users\Downloads\project\st\Folder_online\noteBurner\keeper\widevinecdm\widevinecdm\webNetwork.cpp(1,1): warning C4828: 文件包含在偏移 0x7be 处开始的字符，该字符在当前源字符集中无效(代码页 65001)。
D:\Users\Downloads\project\st\Folder_online\noteBurner\keeper\widevinecdm\widevinecdm\webNetwork.cpp(1,1): warning C4828: 文件包含在偏移 0x825 处开始的字符，该字符在当前源字符集中无效(代码页 65001)。
D:\Users\Downloads\project\st\Folder_online\noteBurner\keeper\widevinecdm\widevinecdm\webNetwork.cpp(1,1): warning C4828: 文件包含在偏移 0x826 处开始的字符，该字符在当前源字符集中无效(代码页 65001)。
D:\Users\Downloads\project\st\Folder_online\noteBurner\keeper\widevinecdm\widevinecdm\webNetwork.cpp(1,1): warning C4828: 文件包含在偏移 0x829 处开始的字符，该字符在当前源字符集中无效(代码页 65001)。
D:\Users\Downloads\project\st\Folder_online\noteBurner\keeper\widevinecdm\widevinecdm\webNetwork.cpp(1,1): warning C4828: 文件包含在偏移 0x82a 处开始的字符，该字符在当前源字符集中无效(代码页 65001)。
D:\Users\Downloads\project\st\Folder_online\noteBurner\keeper\widevinecdm\widevinecdm\webNetwork.cpp(1,1): warning C4828: 文件包含在偏移 0x882 处开始的字符，该字符在当前源字符集中无效(代码页 65001)。
D:\Users\Downloads\project\st\Folder_online\noteBurner\keeper\widevinecdm\widevinecdm\webNetwork.cpp(1,1): warning C4828: 文件包含在偏移 0x883 处开始的字符，该字符在当前源字符集中无效(代码页 65001)。
D:\Users\Downloads\project\st\Folder_online\noteBurner\keeper\widevinecdm\widevinecdm\webNetwork.cpp(1,1): warning C4828: 文件包含在偏移 0x884 处开始的字符，该字符在当前源字符集中无效(代码页 65001)。
D:\Users\Downloads\project\st\Folder_online\noteBurner\keeper\widevinecdm\widevinecdm\webNetwork.cpp(1,1): warning C4828: 文件包含在偏移 0x886 处开始的字符，该字符在当前源字符集中无效(代码页 65001)。
D:\Users\Downloads\project\st\Folder_online\noteBurner\keeper\widevinecdm\widevinecdm\webNetwork.cpp(1,1): warning C4828: 文件包含在偏移 0x887 处开始的字符，该字符在当前源字符集中无效(代码页 65001)。
D:\Users\Downloads\project\st\Folder_online\noteBurner\keeper\widevinecdm\widevinecdm\webNetwork.cpp(1,1): warning C4828: 文件包含在偏移 0x888 处开始的字符，该字符在当前源字符集中无效(代码页 65001)。
D:\Users\Downloads\project\st\Folder_online\noteBurner\keeper\widevinecdm\widevinecdm\webNetwork.cpp(1,1): warning C4828: 文件包含在偏移 0x889 处开始的字符，该字符在当前源字符集中无效(代码页 65001)。
D:\Users\Downloads\project\st\Folder_online\noteBurner\keeper\widevinecdm\widevinecdm\webNetwork.cpp(1,1): warning C4828: 文件包含在偏移 0x88a 处开始的字符，该字符在当前源字符集中无效(代码页 65001)。
D:\Users\Downloads\project\st\Folder_online\noteBurner\keeper\widevinecdm\widevinecdm\webNetwork.cpp(1,1): warning C4828: 文件包含在偏移 0x88c 处开始的字符，该字符在当前源字符集中无效(代码页 65001)。
D:\Users\Downloads\project\st\Folder_online\noteBurner\keeper\widevinecdm\widevinecdm\webNetwork.cpp(1,1): warning C4828: 文件包含在偏移 0x890 处开始的字符，该字符在当前源字符集中无效(代码页 65001)。
D:\Users\Downloads\project\st\Folder_online\noteBurner\keeper\widevinecdm\widevinecdm\webNetwork.cpp(1,1): warning C4828: 文件包含在偏移 0x891 处开始的字符，该字符在当前源字符集中无效(代码页 65001)。
D:\Users\Downloads\project\st\Folder_online\noteBurner\keeper\widevinecdm\widevinecdm\webNetwork.cpp(1,1): warning C4828: 文件包含在偏移 0x892 处开始的字符，该字符在当前源字符集中无效(代码页 65001)。
D:\Users\Downloads\project\st\Folder_online\noteBurner\keeper\widevinecdm\widevinecdm\webNetwork.cpp(1,1): warning C4828: 文件包含在偏移 0x895 处开始的字符，该字符在当前源字符集中无效(代码页 65001)。
D:\Users\Downloads\project\st\Folder_online\noteBurner\keeper\widevinecdm\widevinecdm\webNetwork.cpp(1,1): warning C4828: 文件包含在偏移 0x896 处开始的字符，该字符在当前源字符集中无效(代码页 65001)。
D:\Users\Downloads\project\st\Folder_online\noteBurner\keeper\widevinecdm\widevinecdm\webNetwork.cpp(1,1): warning C4828: 文件包含在偏移 0x897 处开始的字符，该字符在当前源字符集中无效(代码页 65001)。
D:\Users\Downloads\project\st\Folder_online\noteBurner\keeper\widevinecdm\widevinecdm\webNetwork.cpp(1,1): warning C4828: 文件包含在偏移 0x898 处开始的字符，该字符在当前源字符集中无效(代码页 65001)。
D:\Users\Downloads\project\st\Folder_online\noteBurner\keeper\widevinecdm\widevinecdm\webNetwork.cpp(1,1): warning C4828: 文件包含在偏移 0x899 处开始的字符，该字符在当前源字符集中无效(代码页 65001)。
D:\Users\Downloads\project\st\Folder_online\noteBurner\keeper\widevinecdm\widevinecdm\webNetwork.cpp(1,1): warning C4828: 文件包含在偏移 0x89b 处开始的字符，该字符在当前源字符集中无效(代码页 65001)。
D:\Users\Downloads\project\st\Folder_online\noteBurner\keeper\widevinecdm\widevinecdm\webNetwork.cpp(1,1): warning C4828: 文件包含在偏移 0x957 处开始的字符，该字符在当前源字符集中无效(代码页 65001)。
D:\Users\Downloads\project\st\Folder_online\noteBurner\keeper\widevinecdm\widevinecdm\webNetwork.cpp(1,1): warning C4828: 文件包含在偏移 0x959 处开始的字符，该字符在当前源字符集中无效(代码页 65001)。
D:\Users\Downloads\project\st\Folder_online\noteBurner\keeper\widevinecdm\widevinecdm\webNetwork.cpp(1,1): warning C4828: 文件包含在偏移 0x95a 处开始的字符，该字符在当前源字符集中无效(代码页 65001)。
D:\Users\Downloads\project\st\Folder_online\noteBurner\keeper\widevinecdm\widevinecdm\webNetwork.cpp(1,1): warning C4828: 文件包含在偏移 0x95b 处开始的字符，该字符在当前源字符集中无效(代码页 65001)。
D:\Users\Downloads\project\st\Folder_online\noteBurner\keeper\widevinecdm\widevinecdm\webNetwork.cpp(1,1): warning C4828: 文件包含在偏移 0x95d 处开始的字符，该字符在当前源字符集中无效(代码页 65001)。
D:\Users\Downloads\project\st\Folder_online\noteBurner\keeper\widevinecdm\widevinecdm\webNetwork.cpp(1,1): warning C4828: 文件包含在偏移 0x95f 处开始的字符，该字符在当前源字符集中无效(代码页 65001)。
D:\Users\Downloads\project\st\Folder_online\noteBurner\keeper\widevinecdm\widevinecdm\webNetwork.cpp(1,1): warning C4828: 文件包含在偏移 0x960 处开始的字符，该字符在当前源字符集中无效(代码页 65001)。
D:\Users\Downloads\project\st\Folder_online\noteBurner\keeper\widevinecdm\widevinecdm\webNetwork.cpp(1,1): warning C4828: 文件包含在偏移 0x961 处开始的字符，该字符在当前源字符集中无效(代码页 65001)。
D:\Users\Downloads\project\st\Folder_online\noteBurner\keeper\widevinecdm\widevinecdm\webNetwork.cpp(1,1): warning C4828: 文件包含在偏移 0x963 处开始的字符，该字符在当前源字符集中无效(代码页 65001)。
D:\Users\Downloads\project\st\Folder_online\noteBurner\keeper\widevinecdm\widevinecdm\webNetwork.cpp(1,1): warning C4828: 文件包含在偏移 0x970 处开始的字符，该字符在当前源字符集中无效(代码页 65001)。
D:\Users\Downloads\project\st\Folder_online\noteBurner\keeper\widevinecdm\widevinecdm\webNetwork.cpp(1,1): warning C4828: 文件包含在偏移 0x972 处开始的字符，该字符在当前源字符集中无效(代码页 65001)。
D:\Users\Downloads\project\st\Folder_online\noteBurner\keeper\widevinecdm\widevinecdm\webNetwork.cpp(1,1): warning C4828: 文件包含在偏移 0x973 处开始的字符，该字符在当前源字符集中无效(代码页 65001)。
D:\Users\Downloads\project\st\Folder_online\noteBurner\keeper\widevinecdm\widevinecdm\webNetwork.cpp(1,1): warning C4828: 文件包含在偏移 0x978 处开始的字符，该字符在当前源字符集中无效(代码页 65001)。
D:\Users\Downloads\project\st\Folder_online\noteBurner\keeper\widevinecdm\widevinecdm\webNetwork.cpp(1,1): warning C4828: 文件包含在偏移 0x979 处开始的字符，该字符在当前源字符集中无效(代码页 65001)。
D:\Users\Downloads\project\st\Folder_online\noteBurner\keeper\widevinecdm\widevinecdm\webNetwork.cpp(1,1): warning C4828: 文件包含在偏移 0x97a 处开始的字符，该字符在当前源字符集中无效(代码页 65001)。
D:\Users\Downloads\project\st\Folder_online\noteBurner\keeper\widevinecdm\widevinecdm\webNetwork.cpp(1,1): warning C4828: 文件包含在偏移 0x97d 处开始的字符，该字符在当前源字符集中无效(代码页 65001)。
D:\Users\Downloads\project\st\Folder_online\noteBurner\keeper\widevinecdm\widevinecdm\webNetwork.cpp(1,1): warning C4828: 文件包含在偏移 0x97f 处开始的字符，该字符在当前源字符集中无效(代码页 65001)。
D:\Users\Downloads\project\st\Folder_online\noteBurner\keeper\widevinecdm\widevinecdm\webNetwork.cpp(1,1): warning C4828: 文件包含在偏移 0x98b 处开始的字符，该字符在当前源字符集中无效(代码页 65001)。
D:\Users\Downloads\project\st\Folder_online\noteBurner\keeper\widevinecdm\widevinecdm\webNetwork.cpp(1,1): warning C4828: 文件包含在偏移 0x98e 处开始的字符，该字符在当前源字符集中无效(代码页 65001)。
D:\Users\Downloads\project\st\Folder_online\noteBurner\keeper\widevinecdm\widevinecdm\webNetwork.cpp(1,1): warning C4828: 文件包含在偏移 0x98f 处开始的字符，该字符在当前源字符集中无效(代码页 65001)。
D:\Users\Downloads\project\st\Folder_online\noteBurner\keeper\widevinecdm\widevinecdm\webNetwork.cpp(1,1): warning C4828: 文件包含在偏移 0x992 处开始的字符，该字符在当前源字符集中无效(代码页 65001)。
D:\Users\Downloads\project\st\Folder_online\noteBurner\keeper\widevinecdm\widevinecdm\webNetwork.cpp(1,1): warning C4828: 文件包含在偏移 0x995 处开始的字符，该字符在当前源字符集中无效(代码页 65001)。
D:\Users\Downloads\project\st\Folder_online\noteBurner\keeper\widevinecdm\widevinecdm\webNetwork.cpp(1,1): warning C4828: 文件包含在偏移 0x996 处开始的字符，该字符在当前源字符集中无效(代码页 65001)。
D:\Users\Downloads\project\st\Folder_online\noteBurner\keeper\widevinecdm\widevinecdm\webNetwork.cpp(1,1): warning C4828: 文件包含在偏移 0x997 处开始的字符，该字符在当前源字符集中无效(代码页 65001)。
D:\Users\Downloads\project\st\Folder_online\noteBurner\keeper\widevinecdm\widevinecdm\webNetwork.cpp(1,1): warning C4828: 文件包含在偏移 0x999 处开始的字符，该字符在当前源字符集中无效(代码页 65001)。
D:\Users\Downloads\project\st\Folder_online\noteBurner\keeper\widevinecdm\widevinecdm\webNetwork.cpp(1,1): warning C4828: 文件包含在偏移 0x99d 处开始的字符，该字符在当前源字符集中无效(代码页 65001)。
D:\Users\Downloads\project\st\Folder_online\noteBurner\keeper\widevinecdm\widevinecdm\webNetwork.cpp(1,1): warning C4828: 文件包含在偏移 0x99e 处开始的字符，该字符在当前源字符集中无效(代码页 65001)。
D:\Users\Downloads\project\st\Folder_online\noteBurner\keeper\widevinecdm\widevinecdm\webNetwork.cpp(1,1): warning C4828: 文件包含在偏移 0x9a1 处开始的字符，该字符在当前源字符集中无效(代码页 65001)。
D:\Users\Downloads\project\st\Folder_online\noteBurner\keeper\widevinecdm\widevinecdm\webNetwork.cpp(1,1): warning C4828: 文件包含在偏移 0x9a2 处开始的字符，该字符在当前源字符集中无效(代码页 65001)。
D:\Users\Downloads\project\st\Folder_online\noteBurner\keeper\widevinecdm\widevinecdm\webNetwork.cpp(1,1): warning C4828: 文件包含在偏移 0x9a3 处开始的字符，该字符在当前源字符集中无效(代码页 65001)。
D:\Users\Downloads\project\st\Folder_online\noteBurner\keeper\widevinecdm\widevinecdm\webNetwork.cpp(1,1): warning C4828: 文件包含在偏移 0x9a7 处开始的字符，该字符在当前源字符集中无效(代码页 65001)。
D:\Users\Downloads\project\st\Folder_online\noteBurner\keeper\widevinecdm\widevinecdm\webNetwork.cpp(1,1): warning C4828: 文件包含在偏移 0x9a9 处开始的字符，该字符在当前源字符集中无效(代码页 65001)。
D:\Users\Downloads\project\st\Folder_online\noteBurner\keeper\widevinecdm\widevinecdm\webNetwork.cpp(1,1): warning C4828: 文件包含在偏移 0x9ac 处开始的字符，该字符在当前源字符集中无效(代码页 65001)。
D:\Users\Downloads\project\st\Folder_online\noteBurner\keeper\widevinecdm\widevinecdm\webNetwork.cpp(1,1): warning C4828: 文件包含在偏移 0x9ad 处开始的字符，该字符在当前源字符集中无效(代码页 65001)。
D:\Users\Downloads\project\st\Folder_online\noteBurner\keeper\widevinecdm\widevinecdm\webNetwork.cpp(1,1): warning C4828: 文件包含在偏移 0x9b0 处开始的字符，该字符在当前源字符集中无效(代码页 65001)。
D:\Users\Downloads\project\st\Folder_online\noteBurner\keeper\widevinecdm\widevinecdm\webNetwork.cpp(1,1): warning C4828: 文件包含在偏移 0x9b1 处开始的字符，该字符在当前源字符集中无效(代码页 65001)。
D:\Users\Downloads\project\st\Folder_online\noteBurner\keeper\widevinecdm\widevinecdm\webNetwork.cpp(1,1): warning C4828: 文件包含在偏移 0x9fb 处开始的字符，该字符在当前源字符集中无效(代码页 65001)。
D:\Users\Downloads\project\st\Folder_online\noteBurner\keeper\widevinecdm\widevinecdm\webNetwork.cpp(1,1): warning C4828: 文件包含在偏移 0x9fe 处开始的字符，该字符在当前源字符集中无效(代码页 65001)。
D:\Users\Downloads\project\st\Folder_online\noteBurner\keeper\widevinecdm\widevinecdm\webNetwork.cpp(1,1): warning C4828: 文件包含在偏移 0x9ff 处开始的字符，该字符在当前源字符集中无效(代码页 65001)。
D:\Users\Downloads\project\st\Folder_online\noteBurner\keeper\widevinecdm\widevinecdm\webNetwork.cpp(1,1): warning C4828: 文件包含在偏移 0xa02 处开始的字符，该字符在当前源字符集中无效(代码页 65001)。
D:\Users\Downloads\project\st\Folder_online\noteBurner\keeper\widevinecdm\widevinecdm\webNetwork.cpp(1,1): warning C4828: 文件包含在偏移 0xa5d 处开始的字符，该字符在当前源字符集中无效(代码页 65001)。
D:\Users\Downloads\project\st\Folder_online\noteBurner\keeper\widevinecdm\widevinecdm\webNetwork.cpp(1,1): warning C4828: 文件包含在偏移 0xa5e 处开始的字符，该字符在当前源字符集中无效(代码页 65001)。
D:\Users\Downloads\project\st\Folder_online\noteBurner\keeper\widevinecdm\widevinecdm\webNetwork.cpp(1,1): warning C4828: 文件包含在偏移 0xa5f 处开始的字符，该字符在当前源字符集中无效(代码页 65001)。
D:\Users\Downloads\project\st\Folder_online\noteBurner\keeper\widevinecdm\widevinecdm\webNetwork.cpp(1,1): warning C4828: 文件包含在偏移 0xa61 处开始的字符，该字符在当前源字符集中无效(代码页 65001)。
D:\Users\Downloads\project\st\Folder_online\noteBurner\keeper\widevinecdm\widevinecdm\webNetwork.cpp(1,1): warning C4828: 文件包含在偏移 0xa62 处开始的字符，该字符在当前源字符集中无效(代码页 65001)。
D:\Users\Downloads\project\st\Folder_online\noteBurner\keeper\widevinecdm\widevinecdm\webNetwork.cpp(1,1): warning C4828: 文件包含在偏移 0xa63 处开始的字符，该字符在当前源字符集中无效(代码页 65001)。
D:\Users\Downloads\project\st\Folder_online\noteBurner\keeper\widevinecdm\widevinecdm\webNetwork.cpp(1,1): warning C4828: 文件包含在偏移 0xa64 处开始的字符，该字符在当前源字符集中无效(代码页 65001)。
D:\Users\Downloads\project\st\Folder_online\noteBurner\keeper\widevinecdm\widevinecdm\webNetwork.cpp(1,1): warning C4828: 文件包含在偏移 0xa65 处开始的字符，该字符在当前源字符集中无效(代码页 65001)。
D:\Users\Downloads\project\st\Folder_online\noteBurner\keeper\widevinecdm\widevinecdm\webNetwork.cpp(1,1): warning C4828: 文件包含在偏移 0xa67 处开始的字符，该字符在当前源字符集中无效(代码页 65001)。
D:\Users\Downloads\project\st\Folder_online\noteBurner\keeper\widevinecdm\widevinecdm\webNetwork.cpp(1,1): warning C4828: 文件包含在偏移 0xa6b 处开始的字符，该字符在当前源字符集中无效(代码页 65001)。
D:\Users\Downloads\project\st\Folder_online\noteBurner\keeper\widevinecdm\widevinecdm\webNetwork.cpp(1,1): warning C4828: 文件包含在偏移 0xa6c 处开始的字符，该字符在当前源字符集中无效(代码页 65001)。
D:\Users\Downloads\project\st\Folder_online\noteBurner\keeper\widevinecdm\widevinecdm\webNetwork.cpp(1,1): warning C4828: 文件包含在偏移 0xa6d 处开始的字符，该字符在当前源字符集中无效(代码页 65001)。
D:\Users\Downloads\project\st\Folder_online\noteBurner\keeper\widevinecdm\widevinecdm\webNetwork.cpp(1,1): warning C4828: 文件包含在偏移 0xa70 处开始的字符，该字符在当前源字符集中无效(代码页 65001)。
D:\Users\Downloads\project\st\Folder_online\noteBurner\keeper\widevinecdm\widevinecdm\webNetwork.cpp(1,1): warning C4828: 文件包含在偏移 0xa71 处开始的字符，该字符在当前源字符集中无效(代码页 65001)。
D:\Users\Downloads\project\st\Folder_online\noteBurner\keeper\widevinecdm\widevinecdm\webNetwork.cpp(1,1): warning C4828: 文件包含在偏移 0xa72 处开始的字符，该字符在当前源字符集中无效(代码页 65001)。
D:\Users\Downloads\project\st\Folder_online\noteBurner\keeper\widevinecdm\widevinecdm\webNetwork.cpp(1,1): warning C4828: 文件包含在偏移 0xa73 处开始的字符，该字符在当前源字符集中无效(代码页 65001)。
D:\Users\Downloads\project\st\Folder_online\noteBurner\keeper\widevinecdm\widevinecdm\webNetwork.cpp(1,1): warning C4828: 文件包含在偏移 0xa74 处开始的字符，该字符在当前源字符集中无效(代码页 65001)。
D:\Users\Downloads\project\st\Folder_online\noteBurner\keeper\widevinecdm\widevinecdm\webNetwork.cpp(1,1): warning C4828: 文件包含在偏移 0xa76 处开始的字符，该字符在当前源字符集中无效(代码页 65001)。
D:\Users\Downloads\project\st\Folder_online\noteBurner\keeper\widevinecdm\widevinecdm\webNetwork.cpp(1,1): warning C4828: 文件包含在偏移 0xae1 处开始的字符，该字符在当前源字符集中无效(代码页 65001)。
D:\Users\Downloads\project\st\Folder_online\noteBurner\keeper\widevinecdm\widevinecdm\webNetwork.cpp(1,1): warning C4828: 文件包含在偏移 0xae3 处开始的字符，该字符在当前源字符集中无效(代码页 65001)。
D:\Users\Downloads\project\st\Folder_online\noteBurner\keeper\widevinecdm\widevinecdm\webNetwork.cpp(1,1): warning C4828: 文件包含在偏移 0xae4 处开始的字符，该字符在当前源字符集中无效(代码页 65001)。
D:\Users\Downloads\project\st\Folder_online\noteBurner\keeper\widevinecdm\widevinecdm\webNetwork.cpp(1,1): warning C4828: 文件包含在偏移 0xae5 处开始的字符，该字符在当前源字符集中无效(代码页 65001)。
D:\Users\Downloads\project\st\Folder_online\noteBurner\keeper\widevinecdm\widevinecdm\webNetwork.cpp(1,1): warning C4828: 文件包含在偏移 0xae7 处开始的字符，该字符在当前源字符集中无效(代码页 65001)。
D:\Users\Downloads\project\st\Folder_online\noteBurner\keeper\widevinecdm\widevinecdm\webNetwork.cpp(1,1): warning C4828: 文件包含在偏移 0xae9 处开始的字符，该字符在当前源字符集中无效(代码页 65001)。
D:\Users\Downloads\project\st\Folder_online\noteBurner\keeper\widevinecdm\widevinecdm\webNetwork.cpp(1,1): warning C4828: 文件包含在偏移 0xaea 处开始的字符，该字符在当前源字符集中无效(代码页 65001)。
D:\Users\Downloads\project\st\Folder_online\noteBurner\keeper\widevinecdm\widevinecdm\webNetwork.cpp(1,1): warning C4828: 文件包含在偏移 0xaeb 处开始的字符，该字符在当前源字符集中无效(代码页 65001)。
D:\Users\Downloads\project\st\Folder_online\noteBurner\keeper\widevinecdm\widevinecdm\webNetwork.cpp(1,1): warning C4828: 文件包含在偏移 0xaed 处开始的字符，该字符在当前源字符集中无效(代码页 65001)。
D:\Users\Downloads\project\st\Folder_online\noteBurner\keeper\widevinecdm\widevinecdm\webNetwork.cpp(1,1): warning C4828: 文件包含在偏移 0xafa 处开始的字符，该字符在当前源字符集中无效(代码页 65001)。
D:\Users\Downloads\project\st\Folder_online\noteBurner\keeper\widevinecdm\widevinecdm\webNetwork.cpp(1,1): warning C4828: 文件包含在偏移 0xafc 处开始的字符，该字符在当前源字符集中无效(代码页 65001)。
D:\Users\Downloads\project\st\Folder_online\noteBurner\keeper\widevinecdm\widevinecdm\webNetwork.cpp(1,1): warning C4828: 文件包含在偏移 0xafd 处开始的字符，该字符在当前源字符集中无效(代码页 65001)。
D:\Users\Downloads\project\st\Folder_online\noteBurner\keeper\widevinecdm\widevinecdm\webNetwork.cpp(1,1): warning C4828: 文件包含在偏移 0xb02 处开始的字符，该字符在当前源字符集中无效(代码页 65001)。
D:\Users\Downloads\project\st\Folder_online\noteBurner\keeper\widevinecdm\widevinecdm\webNetwork.cpp(1,1): warning C4828: 文件包含在偏移 0xb03 处开始的字符，该字符在当前源字符集中无效(代码页 65001)。
D:\Users\Downloads\project\st\Folder_online\noteBurner\keeper\widevinecdm\widevinecdm\webNetwork.cpp(1,1): warning C4828: 文件包含在偏移 0xb04 处开始的字符，该字符在当前源字符集中无效(代码页 65001)。
D:\Users\Downloads\project\st\Folder_online\noteBurner\keeper\widevinecdm\widevinecdm\webNetwork.cpp(1,1): warning C4828: 文件包含在偏移 0xb07 处开始的字符，该字符在当前源字符集中无效(代码页 65001)。
D:\Users\Downloads\project\st\Folder_online\noteBurner\keeper\widevinecdm\widevinecdm\webNetwork.cpp(1,1): warning C4828: 文件包含在偏移 0xb09 处开始的字符，该字符在当前源字符集中无效(代码页 65001)。
D:\Users\Downloads\project\st\Folder_online\noteBurner\keeper\widevinecdm\widevinecdm\webNetwork.cpp(1,1): warning C4828: 文件包含在偏移 0xb15 处开始的字符，该字符在当前源字符集中无效(代码页 65001)。
D:\Users\Downloads\project\st\Folder_online\noteBurner\keeper\widevinecdm\widevinecdm\webNetwork.cpp(1,1): warning C4828: 文件包含在偏移 0xb18 处开始的字符，该字符在当前源字符集中无效(代码页 65001)。
D:\Users\Downloads\project\st\Folder_online\noteBurner\keeper\widevinecdm\widevinecdm\webNetwork.cpp(1,1): warning C4828: 文件包含在偏移 0xb19 处开始的字符，该字符在当前源字符集中无效(代码页 65001)。
D:\Users\Downloads\project\st\Folder_online\noteBurner\keeper\widevinecdm\widevinecdm\webNetwork.cpp(1,1): warning C4828: 文件包含在偏移 0xb1c 处开始的字符，该字符在当前源字符集中无效(代码页 65001)。
D:\Users\Downloads\project\st\Folder_online\noteBurner\keeper\widevinecdm\widevinecdm\webNetwork.cpp(1,1): warning C4828: 文件包含在偏移 0xb1f 处开始的字符，该字符在当前源字符集中无效(代码页 65001)。
D:\Users\Downloads\project\st\Folder_online\noteBurner\keeper\widevinecdm\widevinecdm\webNetwork.cpp(1,1): warning C4828: 文件包含在偏移 0xb20 处开始的字符，该字符在当前源字符集中无效(代码页 65001)。
D:\Users\Downloads\project\st\Folder_online\noteBurner\keeper\widevinecdm\widevinecdm\webNetwork.cpp(1,1): warning C4828: 文件包含在偏移 0xb21 处开始的字符，该字符在当前源字符集中无效(代码页 65001)。
D:\Users\Downloads\project\st\Folder_online\noteBurner\keeper\widevinecdm\widevinecdm\webNetwork.cpp(1,1): warning C4828: 文件包含在偏移 0xb23 处开始的字符，该字符在当前源字符集中无效(代码页 65001)。
D:\Users\Downloads\project\st\Folder_online\noteBurner\keeper\widevinecdm\widevinecdm\webNetwork.cpp(1,1): warning C4828: 文件包含在偏移 0xb27 处开始的字符，该字符在当前源字符集中无效(代码页 65001)。
D:\Users\Downloads\project\st\Folder_online\noteBurner\keeper\widevinecdm\widevinecdm\webNetwork.cpp(1,1): warning C4828: 文件包含在偏移 0xb28 处开始的字符，该字符在当前源字符集中无效(代码页 65001)。
D:\Users\Downloads\project\st\Folder_online\noteBurner\keeper\widevinecdm\widevinecdm\webNetwork.cpp(1,1): warning C4828: 文件包含在偏移 0xb2b 处开始的字符，该字符在当前源字符集中无效(代码页 65001)。
D:\Users\Downloads\project\st\Folder_online\noteBurner\keeper\widevinecdm\widevinecdm\webNetwork.cpp(1,1): warning C4828: 文件包含在偏移 0xb2c 处开始的字符，该字符在当前源字符集中无效(代码页 65001)。
D:\Users\Downloads\project\st\Folder_online\noteBurner\keeper\widevinecdm\widevinecdm\webNetwork.cpp(1,1): warning C4828: 文件包含在偏移 0xb2d 处开始的字符，该字符在当前源字符集中无效(代码页 65001)。
D:\Users\Downloads\project\st\Folder_online\noteBurner\keeper\widevinecdm\widevinecdm\webNetwork.cpp(1,1): warning C4828: 文件包含在偏移 0xb31 处开始的字符，该字符在当前源字符集中无效(代码页 65001)。
D:\Users\Downloads\project\st\Folder_online\noteBurner\keeper\widevinecdm\widevinecdm\webNetwork.cpp(1,1): warning C4828: 文件包含在偏移 0xb33 处开始的字符，该字符在当前源字符集中无效(代码页 65001)。
D:\Users\Downloads\project\st\Folder_online\noteBurner\keeper\widevinecdm\widevinecdm\webNetwork.cpp(1,1): warning C4828: 文件包含在偏移 0xb36 处开始的字符，该字符在当前源字符集中无效(代码页 65001)。
D:\Users\Downloads\project\st\Folder_online\noteBurner\keeper\widevinecdm\widevinecdm\webNetwork.cpp(1,1): warning C4828: 文件包含在偏移 0xb37 处开始的字符，该字符在当前源字符集中无效(代码页 65001)。
D:\Users\Downloads\project\st\Folder_online\noteBurner\keeper\widevinecdm\widevinecdm\webNetwork.cpp(1,1): warning C4828: 文件包含在偏移 0xb3a 处开始的字符，该字符在当前源字符集中无效(代码页 65001)。
D:\Users\Downloads\project\st\Folder_online\noteBurner\keeper\widevinecdm\widevinecdm\webNetwork.cpp(1,1): warning C4828: 文件包含在偏移 0xb3b 处开始的字符，该字符在当前源字符集中无效(代码页 65001)。
  widevinecdm.cpp
D:\Users\Downloads\project\st\Folder_online\noteBurner\keeper\widevinecdm\widevinecdm\InlineHook.hpp(1136,15): warning C4838: 从“int”转换到“unsigned long”需要收缩转换
D:\Users\Downloads\project\st\Folder_online\noteBurner\keeper\widevinecdm\widevinecdm\InlineHook.hpp(1137,15): warning C4838: 从“int”转换到“unsigned long”需要收缩转换
D:\Users\Downloads\project\st\Folder_online\noteBurner\keeper\widevinecdm\widevinecdm\InlineHook.hpp(1139,15): warning C4838: 从“int”转换到“unsigned long”需要收缩转换
D:\Users\Downloads\project\st\Folder_online\noteBurner\keeper\widevinecdm\widevinecdm\InlineHook.hpp(1144,15): warning C4838: 从“int”转换到“unsigned long”需要收缩转换
D:\Users\Downloads\project\st\Folder_online\noteBurner\keeper\widevinecdm\widevinecdm\InlineHook.hpp(1145,15): warning C4838: 从“int”转换到“unsigned long”需要收缩转换
D:\Users\Downloads\project\st\Folder_online\noteBurner\keeper\widevinecdm\widevinecdm\InlineHook.hpp(1146,15): warning C4838: 从“int”转换到“unsigned long”需要收缩转换
D:\Users\Downloads\project\st\Folder_online\noteBurner\keeper\widevinecdm\widevinecdm\InlineHook.hpp(1147,15): warning C4838: 从“int”转换到“unsigned long”需要收缩转换
D:\Users\Downloads\project\st\Folder_online\noteBurner\keeper\widevinecdm\widevinecdm\InlineHook.hpp(1148,15): warning C4838: 从“int”转换到“unsigned long”需要收缩转换
D:\Users\Downloads\project\st\Folder_online\noteBurner\keeper\widevinecdm\widevinecdm\InlineHook.hpp(1149,15): warning C4838: 从“int”转换到“unsigned long”需要收缩转换
D:\Users\Downloads\project\st\Folder_online\noteBurner\keeper\widevinecdm\widevinecdm\InlineHook.hpp(1150,15): warning C4838: 从“int”转换到“unsigned long”需要收缩转换
D:\Users\Downloads\project\st\Folder_online\noteBurner\keeper\widevinecdm\widevinecdm\InlineHook.hpp(1151,15): warning C4838: 从“int”转换到“unsigned long”需要收缩转换
D:\Users\Downloads\project\st\Folder_online\noteBurner\keeper\widevinecdm\widevinecdm\InlineHook.hpp(1152,15): warning C4838: 从“int”转换到“unsigned long”需要收缩转换
D:\Users\Downloads\project\st\Folder_online\noteBurner\keeper\widevinecdm\widevinecdm\InlineHook.hpp(1153,15): warning C4838: 从“int”转换到“unsigned long”需要收缩转换
D:\Users\Downloads\project\st\Folder_online\noteBurner\keeper\widevinecdm\widevinecdm\InlineHook.hpp(1154,15): warning C4838: 从“int”转换到“unsigned long”需要收缩转换
D:\Users\Downloads\project\st\Folder_online\noteBurner\keeper\widevinecdm\widevinecdm\InlineHook.hpp(1155,15): warning C4838: 从“int”转换到“unsigned long”需要收缩转换
D:\Users\Downloads\project\st\Folder_online\noteBurner\keeper\widevinecdm\widevinecdm\InlineHook.hpp(1156,15): warning C4838: 从“int”转换到“unsigned long”需要收缩转换
D:\Users\Downloads\project\st\Folder_online\noteBurner\keeper\widevinecdm\widevinecdm\InlineHook.hpp(1157,15): warning C4838: 从“int”转换到“unsigned long”需要收缩转换
D:\Users\Downloads\project\st\Folder_online\noteBurner\keeper\widevinecdm\widevinecdm\InlineHook.hpp(1158,15): warning C4838: 从“int”转换到“unsigned long”需要收缩转换
D:\Users\Downloads\project\st\Folder_online\noteBurner\keeper\widevinecdm\widevinecdm\InlineHook.hpp(1159,15): warning C4838: 从“int”转换到“unsigned long”需要收缩转换
D:\Users\Downloads\project\st\Folder_online\noteBurner\keeper\widevinecdm\widevinecdm\InlineHook.hpp(1160,15): warning C4838: 从“int”转换到“unsigned long”需要收缩转换
D:\Users\Downloads\project\st\Folder_online\noteBurner\keeper\widevinecdm\widevinecdm\InlineHook.hpp(1161,15): warning C4838: 从“int”转换到“unsigned long”需要收缩转换
D:\Users\Downloads\project\st\Folder_online\noteBurner\keeper\widevinecdm\widevinecdm\InlineHook.hpp(1162,15): warning C4838: 从“int”转换到“unsigned long”需要收缩转换
D:\Users\Downloads\project\st\Folder_online\noteBurner\keeper\widevinecdm\widevinecdm\InlineHook.hpp(1163,15): warning C4838: 从“int”转换到“unsigned long”需要收缩转换
D:\Users\Downloads\project\st\Folder_online\noteBurner\keeper\widevinecdm\widevinecdm\InlineHook.hpp(1164,15): warning C4838: 从“int”转换到“unsigned long”需要收缩转换
D:\Users\Downloads\project\st\Folder_online\noteBurner\keeper\widevinecdm\widevinecdm\InlineHook.hpp(1165,15): warning C4838: 从“int”转换到“unsigned long”需要收缩转换
D:\Users\Downloads\project\st\Folder_online\noteBurner\keeper\widevinecdm\widevinecdm\InlineHook.hpp(1166,15): warning C4838: 从“int”转换到“unsigned long”需要收缩转换
D:\Users\Downloads\project\st\Folder_online\noteBurner\keeper\widevinecdm\widevinecdm\InlineHook.hpp(1167,15): warning C4838: 从“int”转换到“unsigned long”需要收缩转换
D:\Users\Downloads\project\st\Folder_online\noteBurner\keeper\widevinecdm\widevinecdm\InlineHook.hpp(1168,15): warning C4838: 从“int”转换到“unsigned long”需要收缩转换
D:\Users\Downloads\project\st\Folder_online\noteBurner\keeper\widevinecdm\widevinecdm\InlineHook.hpp(1169,15): warning C4838: 从“int”转换到“unsigned long”需要收缩转换
D:\Users\Downloads\project\st\Folder_online\noteBurner\keeper\widevinecdm\widevinecdm\InlineHook.hpp(1170,15): warning C4838: 从“int”转换到“unsigned long”需要收缩转换
D:\Users\Downloads\project\st\Folder_online\noteBurner\keeper\widevinecdm\widevinecdm\InlineHook.hpp(1171,15): warning C4838: 从“int”转换到“unsigned long”需要收缩转换
D:\Users\Downloads\project\st\Folder_online\noteBurner\keeper\widevinecdm\widevinecdm\InlineHook.hpp(1172,15): warning C4838: 从“int”转换到“unsigned long”需要收缩转换
D:\Users\Downloads\project\st\Folder_online\noteBurner\keeper\widevinecdm\widevinecdm\InlineHook.hpp(1173,15): warning C4838: 从“int”转换到“unsigned long”需要收缩转换
D:\Users\Downloads\project\st\Folder_online\noteBurner\keeper\widevinecdm\widevinecdm\InlineHook.hpp(1174,15): warning C4838: 从“int”转换到“unsigned long”需要收缩转换
D:\Users\Downloads\project\st\Folder_online\noteBurner\keeper\widevinecdm\widevinecdm\InlineHook.hpp(1175,15): warning C4838: 从“int”转换到“unsigned long”需要收缩转换
D:\Users\Downloads\project\st\Folder_online\noteBurner\keeper\widevinecdm\widevinecdm\InlineHook.hpp(1176,15): warning C4838: 从“int”转换到“unsigned long”需要收缩转换
D:\Users\Downloads\project\st\Folder_online\noteBurner\keeper\widevinecdm\widevinecdm\InlineHook.hpp(1177,15): warning C4838: 从“int”转换到“unsigned long”需要收缩转换
D:\Users\Downloads\project\st\Folder_online\noteBurner\keeper\widevinecdm\widevinecdm\InlineHook.hpp(1178,15): warning C4838: 从“int”转换到“unsigned long”需要收缩转换
D:\Users\Downloads\project\st\Folder_online\noteBurner\keeper\widevinecdm\widevinecdm\InlineHook.hpp(1179,15): warning C4838: 从“int”转换到“unsigned long”需要收缩转换
D:\Users\Downloads\project\st\Folder_online\noteBurner\keeper\widevinecdm\widevinecdm\InlineHook.hpp(1180,15): warning C4838: 从“int”转换到“unsigned long”需要收缩转换
D:\Users\Downloads\project\st\Folder_online\noteBurner\keeper\widevinecdm\widevinecdm\InlineHook.hpp(1181,15): warning C4838: 从“int”转换到“unsigned long”需要收缩转换
D:\Users\Downloads\project\st\Folder_online\noteBurner\keeper\widevinecdm\widevinecdm\InlineHook.hpp(1182,15): warning C4838: 从“int”转换到“unsigned long”需要收缩转换
D:\Users\Downloads\project\st\Folder_online\noteBurner\keeper\widevinecdm\widevinecdm\InlineHook.hpp(1183,15): warning C4838: 从“int”转换到“unsigned long”需要收缩转换
D:\Users\Downloads\project\st\Folder_online\noteBurner\keeper\widevinecdm\widevinecdm\InlineHook.hpp(1184,15): warning C4838: 从“int”转换到“unsigned long”需要收缩转换
D:\Users\Downloads\project\st\Folder_online\noteBurner\keeper\widevinecdm\widevinecdm\InlineHook.hpp(1185,15): warning C4838: 从“int”转换到“unsigned long”需要收缩转换
D:\Users\Downloads\project\st\Folder_online\noteBurner\keeper\widevinecdm\widevinecdm\InlineHook.hpp(1186,15): warning C4838: 从“int”转换到“unsigned long”需要收缩转换
D:\Users\Downloads\project\st\Folder_online\noteBurner\keeper\widevinecdm\widevinecdm\InlineHook.hpp(1187,15): warning C4838: 从“int”转换到“unsigned long”需要收缩转换
D:\Users\Downloads\project\st\Folder_online\noteBurner\keeper\widevinecdm\widevinecdm\InlineHook.hpp(1188,15): warning C4838: 从“int”转换到“unsigned long”需要收缩转换
D:\Users\Downloads\project\st\Folder_online\noteBurner\keeper\widevinecdm\widevinecdm\InlineHook.hpp(1189,15): warning C4838: 从“int”转换到“unsigned long”需要收缩转换
D:\Users\Downloads\project\st\Folder_online\noteBurner\keeper\widevinecdm\widevinecdm\InlineHook.hpp(1190,15): warning C4838: 从“int”转换到“unsigned long”需要收缩转换
D:\Users\Downloads\project\st\Folder_online\noteBurner\keeper\widevinecdm\widevinecdm\InlineHook.hpp(1191,15): warning C4838: 从“int”转换到“unsigned long”需要收缩转换
D:\Users\Downloads\project\st\Folder_online\noteBurner\keeper\widevinecdm\widevinecdm\InlineHook.hpp(1192,15): warning C4838: 从“int”转换到“unsigned long”需要收缩转换
D:\Users\Downloads\project\st\Folder_online\noteBurner\keeper\widevinecdm\widevinecdm\InlineHook.hpp(1193,15): warning C4838: 从“int”转换到“unsigned long”需要收缩转换
D:\Users\Downloads\project\st\Folder_online\noteBurner\keeper\widevinecdm\widevinecdm\InlineHook.hpp(1194,15): warning C4838: 从“int”转换到“unsigned long”需要收缩转换
D:\Users\Downloads\project\st\Folder_online\noteBurner\keeper\widevinecdm\widevinecdm\InlineHook.hpp(1195,15): warning C4838: 从“int”转换到“unsigned long”需要收缩转换
D:\Users\Downloads\project\st\Folder_online\noteBurner\keeper\widevinecdm\widevinecdm\InlineHook.hpp(1196,15): warning C4838: 从“int”转换到“unsigned long”需要收缩转换
D:\Users\Downloads\project\st\Folder_online\noteBurner\keeper\widevinecdm\widevinecdm\InlineHook.hpp(1197,15): warning C4838: 从“int”转换到“unsigned long”需要收缩转换
D:\Users\Downloads\project\st\Folder_online\noteBurner\keeper\widevinecdm\widevinecdm\InlineHook.hpp(1198,15): warning C4838: 从“int”转换到“unsigned long”需要收缩转换
D:\Users\Downloads\project\st\Folder_online\noteBurner\keeper\widevinecdm\widevinecdm\InlineHook.hpp(1199,15): warning C4838: 从“int”转换到“unsigned long”需要收缩转换
D:\Users\Downloads\project\st\Folder_online\noteBurner\keeper\widevinecdm\widevinecdm\InlineHook.hpp(1200,15): warning C4838: 从“int”转换到“unsigned long”需要收缩转换
D:\Users\Downloads\project\st\Folder_online\noteBurner\keeper\widevinecdm\widevinecdm\InlineHook.hpp(1201,15): warning C4838: 从“int”转换到“unsigned long”需要收缩转换
D:\Users\Downloads\project\st\Folder_online\noteBurner\keeper\widevinecdm\widevinecdm\InlineHook.hpp(1202,15): warning C4838: 从“int”转换到“unsigned long”需要收缩转换
D:\Users\Downloads\project\st\Folder_online\noteBurner\keeper\widevinecdm\widevinecdm\InlineHook.hpp(1203,15): warning C4838: 从“int”转换到“unsigned long”需要收缩转换
D:\Users\Downloads\project\st\Folder_online\noteBurner\keeper\widevinecdm\widevinecdm\InlineHook.hpp(1204,15): warning C4838: 从“int”转换到“unsigned long”需要收缩转换
D:\Users\Downloads\project\st\Folder_online\noteBurner\keeper\widevinecdm\widevinecdm\InlineHook.hpp(1205,15): warning C4838: 从“int”转换到“unsigned long”需要收缩转换
D:\Users\Downloads\project\st\Folder_online\noteBurner\keeper\widevinecdm\widevinecdm\InlineHook.hpp(1206,15): warning C4838: 从“int”转换到“unsigned long”需要收缩转换
D:\Users\Downloads\project\st\Folder_online\noteBurner\keeper\widevinecdm\widevinecdm\InlineHook.hpp(1207,15): warning C4838: 从“int”转换到“unsigned long”需要收缩转换
D:\Users\Downloads\project\st\Folder_online\noteBurner\keeper\widevinecdm\widevinecdm\InlineHook.hpp(1208,15): warning C4838: 从“int”转换到“unsigned long”需要收缩转换
D:\Users\Downloads\project\st\Folder_online\noteBurner\keeper\widevinecdm\widevinecdm\InlineHook.hpp(1209,15): warning C4838: 从“int”转换到“unsigned long”需要收缩转换
D:\Users\Downloads\project\st\Folder_online\noteBurner\keeper\widevinecdm\widevinecdm\InlineHook.hpp(1210,15): warning C4838: 从“int”转换到“unsigned long”需要收缩转换
D:\Users\Downloads\project\st\Folder_online\noteBurner\keeper\widevinecdm\widevinecdm\InlineHook.hpp(1211,15): warning C4838: 从“int”转换到“unsigned long”需要收缩转换
D:\Users\Downloads\project\st\Folder_online\noteBurner\keeper\widevinecdm\widevinecdm\InlineHook.hpp(1212,15): warning C4838: 从“int”转换到“unsigned long”需要收缩转换
D:\Users\Downloads\project\st\Folder_online\noteBurner\keeper\widevinecdm\widevinecdm\InlineHook.hpp(1213,15): warning C4838: 从“int”转换到“unsigned long”需要收缩转换
D:\Users\Downloads\project\st\Folder_online\noteBurner\keeper\widevinecdm\widevinecdm\InlineHook.hpp(1214,15): warning C4838: 从“int”转换到“unsigned long”需要收缩转换
D:\Users\Downloads\project\st\Folder_online\noteBurner\keeper\widevinecdm\widevinecdm\InlineHook.hpp(1215,15): warning C4838: 从“int”转换到“unsigned long”需要收缩转换
D:\Users\Downloads\project\st\Folder_online\noteBurner\keeper\widevinecdm\widevinecdm\InlineHook.hpp(1216,15): warning C4838: 从“int”转换到“unsigned long”需要收缩转换
D:\Users\Downloads\project\st\Folder_online\noteBurner\keeper\widevinecdm\widevinecdm\InlineHook.hpp(1217,15): warning C4838: 从“int”转换到“unsigned long”需要收缩转换
D:\Users\Downloads\project\st\Folder_online\noteBurner\keeper\widevinecdm\widevinecdm\InlineHook.hpp(1218,15): warning C4838: 从“int”转换到“unsigned long”需要收缩转换
D:\Users\Downloads\project\st\Folder_online\noteBurner\keeper\widevinecdm\widevinecdm\InlineHook.hpp(1219,15): warning C4838: 从“int”转换到“unsigned long”需要收缩转换
D:\Users\Downloads\project\st\Folder_online\noteBurner\keeper\widevinecdm\widevinecdm\InlineHook.hpp(1220,15): warning C4838: 从“int”转换到“unsigned long”需要收缩转换
D:\Users\Downloads\project\st\Folder_online\noteBurner\keeper\widevinecdm\widevinecdm\InlineHook.hpp(1221,15): warning C4838: 从“int”转换到“unsigned long”需要收缩转换
D:\Users\Downloads\project\st\Folder_online\noteBurner\keeper\widevinecdm\widevinecdm\InlineHook.hpp(1222,15): warning C4838: 从“int”转换到“unsigned long”需要收缩转换
D:\Users\Downloads\project\st\Folder_online\noteBurner\keeper\widevinecdm\widevinecdm\InlineHook.hpp(1223,15): warning C4838: 从“int”转换到“unsigned long”需要收缩转换
D:\Users\Downloads\project\st\Folder_online\noteBurner\keeper\widevinecdm\widevinecdm\InlineHook.hpp(1224,15): warning C4838: 从“int”转换到“unsigned long”需要收缩转换
D:\Users\Downloads\project\st\Folder_online\noteBurner\keeper\widevinecdm\widevinecdm\InlineHook.hpp(1225,15): warning C4838: 从“int”转换到“unsigned long”需要收缩转换
D:\Users\Downloads\project\st\Folder_online\noteBurner\keeper\widevinecdm\widevinecdm\InlineHook.hpp(1226,15): warning C4838: 从“int”转换到“unsigned long”需要收缩转换
D:\Users\Downloads\project\st\Folder_online\noteBurner\keeper\widevinecdm\widevinecdm\InlineHook.hpp(1227,15): warning C4838: 从“int”转换到“unsigned long”需要收缩转换
D:\Users\Downloads\project\st\Folder_online\noteBurner\keeper\widevinecdm\widevinecdm\InlineHook.hpp(1228,15): warning C4838: 从“int”转换到“unsigned long”需要收缩转换
D:\Users\Downloads\project\st\Folder_online\noteBurner\keeper\widevinecdm\widevinecdm\InlineHook.hpp(1229,15): warning C4838: 从“int”转换到“unsigned long”需要收缩转换
D:\Users\Downloads\project\st\Folder_online\noteBurner\keeper\widevinecdm\widevinecdm\InlineHook.hpp(1230,15): warning C4838: 从“int”转换到“unsigned long”需要收缩转换
D:\Users\Downloads\project\st\Folder_online\noteBurner\keeper\widevinecdm\widevinecdm\InlineHook.hpp(1231,15): warning C4838: 从“int”转换到“unsigned long”需要收缩转换
D:\Users\Downloads\project\st\Folder_online\noteBurner\keeper\widevinecdm\widevinecdm\InlineHook.hpp(1232,15): warning C4838: 从“int”转换到“unsigned long”需要收缩转换
D:\Users\Downloads\project\st\Folder_online\noteBurner\keeper\widevinecdm\widevinecdm\InlineHook.hpp(1233,15): warning C4838: 从“int”转换到“unsigned long”需要收缩转换
D:\Users\Downloads\project\st\Folder_online\noteBurner\keeper\widevinecdm\widevinecdm\InlineHook.hpp(1234,15): warning C4838: 从“int”转换到“unsigned long”需要收缩转换
D:\Users\Downloads\project\st\Folder_online\noteBurner\keeper\widevinecdm\widevinecdm\InlineHook.hpp(1235,15): warning C4838: 从“int”转换到“unsigned long”需要收缩转换
D:\Users\Downloads\project\st\Folder_online\noteBurner\keeper\widevinecdm\widevinecdm\InlineHook.hpp(1236,15): warning C4838: 从“int”转换到“unsigned long”需要收缩转换
D:\Users\Downloads\project\st\Folder_online\noteBurner\keeper\widevinecdm\widevinecdm\InlineHook.hpp(1237,15): warning C4838: 从“int”转换到“unsigned long”需要收缩转换
D:\Users\Downloads\project\st\Folder_online\noteBurner\keeper\widevinecdm\widevinecdm\InlineHook.hpp(1238,15): warning C4838: 从“int”转换到“unsigned long”需要收缩转换
D:\Users\Downloads\project\st\Folder_online\noteBurner\keeper\widevinecdm\widevinecdm\InlineHook.hpp(1239,15): warning C4838: 从“int”转换到“unsigned long”需要收缩转换
D:\Users\Downloads\project\st\Folder_online\noteBurner\keeper\widevinecdm\widevinecdm\InlineHook.hpp(1240,15): warning C4838: 从“int”转换到“unsigned long”需要收缩转换
D:\Users\Downloads\project\st\Folder_online\noteBurner\keeper\widevinecdm\widevinecdm\InlineHook.hpp(1241,15): warning C4838: 从“int”转换到“unsigned long”需要收缩转换
D:\Users\Downloads\project\st\Folder_online\noteBurner\keeper\widevinecdm\widevinecdm\InlineHook.hpp(1242,15): warning C4838: 从“int”转换到“unsigned long”需要收缩转换
D:\Users\Downloads\project\st\Folder_online\noteBurner\keeper\widevinecdm\widevinecdm\InlineHook.hpp(1243,15): warning C4838: 从“int”转换到“unsigned long”需要收缩转换
D:\Users\Downloads\project\st\Folder_online\noteBurner\keeper\widevinecdm\widevinecdm\InlineHook.hpp(1244,15): warning C4838: 从“int”转换到“unsigned long”需要收缩转换
D:\Users\Downloads\project\st\Folder_online\noteBurner\keeper\widevinecdm\widevinecdm\InlineHook.hpp(1245,15): warning C4838: 从“int”转换到“unsigned long”需要收缩转换
D:\Users\Downloads\project\st\Folder_online\noteBurner\keeper\widevinecdm\widevinecdm\InlineHook.hpp(1246,15): warning C4838: 从“int”转换到“unsigned long”需要收缩转换
D:\Users\Downloads\project\st\Folder_online\noteBurner\keeper\widevinecdm\widevinecdm\InlineHook.hpp(1247,15): warning C4838: 从“int”转换到“unsigned long”需要收缩转换
D:\Users\Downloads\project\st\Folder_online\noteBurner\keeper\widevinecdm\widevinecdm\InlineHook.hpp(1248,15): warning C4838: 从“int”转换到“unsigned long”需要收缩转换
D:\Users\Downloads\project\st\Folder_online\noteBurner\keeper\widevinecdm\widevinecdm\InlineHook.hpp(1249,15): warning C4838: 从“int”转换到“unsigned long”需要收缩转换
D:\Users\Downloads\project\st\Folder_online\noteBurner\keeper\widevinecdm\widevinecdm\InlineHook.hpp(1250,15): warning C4838: 从“int”转换到“unsigned long”需要收缩转换
D:\Users\Downloads\project\st\Folder_online\noteBurner\keeper\widevinecdm\widevinecdm\InlineHook.hpp(1251,15): warning C4838: 从“int”转换到“unsigned long”需要收缩转换
D:\Users\Downloads\project\st\Folder_online\noteBurner\keeper\widevinecdm\widevinecdm\InlineHook.hpp(1252,15): warning C4838: 从“int”转换到“unsigned long”需要收缩转换
D:\Users\Downloads\project\st\Folder_online\noteBurner\keeper\widevinecdm\widevinecdm\InlineHook.hpp(1253,15): warning C4838: 从“int”转换到“unsigned long”需要收缩转换
D:\Users\Downloads\project\st\Folder_online\noteBurner\keeper\widevinecdm\widevinecdm\InlineHook.hpp(1254,15): warning C4838: 从“int”转换到“unsigned long”需要收缩转换
D:\Users\Downloads\project\st\Folder_online\noteBurner\keeper\widevinecdm\widevinecdm\InlineHook.hpp(1255,15): warning C4838: 从“int”转换到“unsigned long”需要收缩转换
D:\Users\Downloads\project\st\Folder_online\noteBurner\keeper\widevinecdm\widevinecdm\InlineHook.hpp(1256,15): warning C4838: 从“int”转换到“unsigned long”需要收缩转换
D:\Users\Downloads\project\st\Folder_online\noteBurner\keeper\widevinecdm\widevinecdm\InlineHook.hpp(1257,15): warning C4838: 从“int”转换到“unsigned long”需要收缩转换
D:\Users\Downloads\project\st\Folder_online\noteBurner\keeper\widevinecdm\widevinecdm\InlineHook.hpp(1258,15): warning C4838: 从“int”转换到“unsigned long”需要收缩转换
D:\Users\Downloads\project\st\Folder_online\noteBurner\keeper\widevinecdm\widevinecdm\InlineHook.hpp(1259,15): warning C4838: 从“int”转换到“unsigned long”需要收缩转换
D:\Users\Downloads\project\st\Folder_online\noteBurner\keeper\widevinecdm\widevinecdm\InlineHook.hpp(1298,15): warning C4838: 从“int”转换到“unsigned long”需要收缩转换
D:\Users\Downloads\project\st\Folder_online\noteBurner\keeper\widevinecdm\widevinecdm\InlineHook.hpp(1299,15): warning C4838: 从“int”转换到“unsigned long”需要收缩转换
D:\Users\Downloads\project\st\Folder_online\noteBurner\keeper\widevinecdm\widevinecdm\InlineHook.hpp(1306,15): warning C4838: 从“int”转换到“unsigned long”需要收缩转换
D:\Users\Downloads\project\st\Folder_online\noteBurner\keeper\widevinecdm\widevinecdm\InlineHook.hpp(1316,15): warning C4838: 从“int”转换到“unsigned long”需要收缩转换
D:\Users\Downloads\project\st\Folder_online\noteBurner\keeper\widevinecdm\widevinecdm\InlineHook.hpp(1317,15): warning C4838: 从“int”转换到“unsigned long”需要收缩转换
D:\Users\Downloads\project\st\Folder_online\noteBurner\keeper\widevinecdm\widevinecdm\InlineHook.hpp(1326,15): warning C4838: 从“int”转换到“unsigned long”需要收缩转换
D:\Users\Downloads\project\st\Folder_online\noteBurner\keeper\widevinecdm\widevinecdm\InlineHook.hpp(1327,15): warning C4838: 从“int”转换到“unsigned long”需要收缩转换
D:\Users\Downloads\project\st\Folder_online\noteBurner\keeper\widevinecdm\widevinecdm\InlineHook.hpp(1328,15): warning C4838: 从“int”转换到“unsigned long”需要收缩转换
D:\Users\Downloads\project\st\Folder_online\noteBurner\keeper\widevinecdm\widevinecdm\InlineHook.hpp(1329,15): warning C4838: 从“int”转换到“unsigned long”需要收缩转换
D:\Users\Downloads\project\st\Folder_online\noteBurner\keeper\widevinecdm\widevinecdm\InlineHook.hpp(1330,15): warning C4838: 从“int”转换到“unsigned long”需要收缩转换
D:\Users\Downloads\project\st\Folder_online\noteBurner\keeper\widevinecdm\widevinecdm\InlineHook.hpp(1331,15): warning C4838: 从“int”转换到“unsigned long”需要收缩转换
D:\Users\Downloads\project\st\Folder_online\noteBurner\keeper\widevinecdm\widevinecdm\InlineHook.hpp(1340,15): warning C4838: 从“int”转换到“unsigned long”需要收缩转换
D:\Users\Downloads\project\st\Folder_online\noteBurner\keeper\widevinecdm\widevinecdm\InlineHook.hpp(1341,15): warning C4838: 从“int”转换到“unsigned long”需要收缩转换
D:\Users\Downloads\project\st\Folder_online\noteBurner\keeper\widevinecdm\widevinecdm\InlineHook.hpp(1342,15): warning C4838: 从“int”转换到“unsigned long”需要收缩转换
D:\Users\Downloads\project\st\Folder_online\noteBurner\keeper\widevinecdm\widevinecdm\InlineHook.hpp(1343,15): warning C4838: 从“int”转换到“unsigned long”需要收缩转换
D:\Users\Downloads\project\st\Folder_online\noteBurner\keeper\widevinecdm\widevinecdm\InlineHook.hpp(1344,15): warning C4838: 从“int”转换到“unsigned long”需要收缩转换
D:\Users\Downloads\project\st\Folder_online\noteBurner\keeper\widevinecdm\widevinecdm\InlineHook.hpp(1345,15): warning C4838: 从“int”转换到“unsigned long”需要收缩转换
D:\Users\Downloads\project\st\Folder_online\noteBurner\keeper\widevinecdm\widevinecdm\InlineHook.hpp(1346,15): warning C4838: 从“int”转换到“unsigned long”需要收缩转换
D:\Users\Downloads\project\st\Folder_online\noteBurner\keeper\widevinecdm\widevinecdm\InlineHook.hpp(1347,15): warning C4838: 从“int”转换到“unsigned long”需要收缩转换
D:\Users\Downloads\project\st\Folder_online\noteBurner\keeper\widevinecdm\widevinecdm\InlineHook.hpp(1348,15): warning C4838: 从“int”转换到“unsigned long”需要收缩转换
D:\Users\Downloads\project\st\Folder_online\noteBurner\keeper\widevinecdm\widevinecdm\InlineHook.hpp(1349,15): warning C4838: 从“int”转换到“unsigned long”需要收缩转换
D:\Users\Downloads\project\st\Folder_online\noteBurner\keeper\widevinecdm\widevinecdm\InlineHook.hpp(1350,15): warning C4838: 从“int”转换到“unsigned long”需要收缩转换
D:\Users\Downloads\project\st\Folder_online\noteBurner\keeper\widevinecdm\widevinecdm\InlineHook.hpp(1351,15): warning C4838: 从“int”转换到“unsigned long”需要收缩转换
D:\Users\Downloads\project\st\Folder_online\noteBurner\keeper\widevinecdm\widevinecdm\InlineHook.hpp(1352,15): warning C4838: 从“int”转换到“unsigned long”需要收缩转换
D:\Users\Downloads\project\st\Folder_online\noteBurner\keeper\widevinecdm\widevinecdm\InlineHook.hpp(1353,15): warning C4838: 从“int”转换到“unsigned long”需要收缩转换
D:\Users\Downloads\project\st\Folder_online\noteBurner\keeper\widevinecdm\widevinecdm\InlineHook.hpp(1354,15): warning C4838: 从“int”转换到“unsigned long”需要收缩转换
D:\Users\Downloads\project\st\Folder_online\noteBurner\keeper\widevinecdm\widevinecdm\InlineHook.hpp(1355,15): warning C4838: 从“int”转换到“unsigned long”需要收缩转换
D:\Users\Downloads\project\st\Folder_online\noteBurner\keeper\widevinecdm\widevinecdm\InlineHook.hpp(1356,15): warning C4838: 从“int”转换到“unsigned long”需要收缩转换
D:\Users\Downloads\project\st\Folder_online\noteBurner\keeper\widevinecdm\widevinecdm\InlineHook.hpp(1357,15): warning C4838: 从“int”转换到“unsigned long”需要收缩转换
D:\Users\Downloads\project\st\Folder_online\noteBurner\keeper\widevinecdm\widevinecdm\InlineHook.hpp(1358,15): warning C4838: 从“int”转换到“unsigned long”需要收缩转换
D:\Users\Downloads\project\st\Folder_online\noteBurner\keeper\widevinecdm\widevinecdm\InlineHook.hpp(1359,15): warning C4838: 从“int”转换到“unsigned long”需要收缩转换
D:\Users\Downloads\project\st\Folder_online\noteBurner\keeper\widevinecdm\widevinecdm\InlineHook.hpp(1360,15): warning C4838: 从“int”转换到“unsigned long”需要收缩转换
D:\Users\Downloads\project\st\Folder_online\noteBurner\keeper\widevinecdm\widevinecdm\InlineHook.hpp(1361,15): warning C4838: 从“int”转换到“unsigned long”需要收缩转换
D:\Users\Downloads\project\st\Folder_online\noteBurner\keeper\widevinecdm\widevinecdm\InlineHook.hpp(1362,15): warning C4838: 从“int”转换到“unsigned long”需要收缩转换
D:\Users\Downloads\project\st\Folder_online\noteBurner\keeper\widevinecdm\widevinecdm\InlineHook.hpp(1363,15): warning C4838: 从“int”转换到“unsigned long”需要收缩转换
D:\Users\Downloads\project\st\Folder_online\noteBurner\keeper\widevinecdm\widevinecdm\InlineHook.hpp(1364,15): warning C4838: 从“int”转换到“unsigned long”需要收缩转换
D:\Users\Downloads\project\st\Folder_online\noteBurner\keeper\widevinecdm\widevinecdm\InlineHook.hpp(1365,15): warning C4838: 从“int”转换到“unsigned long”需要收缩转换
D:\Users\Downloads\project\st\Folder_online\noteBurner\keeper\widevinecdm\widevinecdm\InlineHook.hpp(1366,15): warning C4838: 从“int”转换到“unsigned long”需要收缩转换
D:\Users\Downloads\project\st\Folder_online\noteBurner\keeper\widevinecdm\widevinecdm\InlineHook.hpp(1367,15): warning C4838: 从“int”转换到“unsigned long”需要收缩转换
D:\Users\Downloads\project\st\Folder_online\noteBurner\keeper\widevinecdm\widevinecdm\InlineHook.hpp(1368,15): warning C4838: 从“int”转换到“unsigned long”需要收缩转换
D:\Users\Downloads\project\st\Folder_online\noteBurner\keeper\widevinecdm\widevinecdm\InlineHook.hpp(1369,15): warning C4838: 从“int”转换到“unsigned long”需要收缩转换
D:\Users\Downloads\project\st\Folder_online\noteBurner\keeper\widevinecdm\widevinecdm\InlineHook.hpp(1370,15): warning C4838: 从“int”转换到“unsigned long”需要收缩转换
D:\Users\Downloads\project\st\Folder_online\noteBurner\keeper\widevinecdm\widevinecdm\InlineHook.hpp(1371,15): warning C4838: 从“int”转换到“unsigned long”需要收缩转换
D:\Users\Downloads\project\st\Folder_online\noteBurner\keeper\widevinecdm\widevinecdm\InlineHook.hpp(1372,15): warning C4838: 从“int”转换到“unsigned long”需要收缩转换
D:\Users\Downloads\project\st\Folder_online\noteBurner\keeper\widevinecdm\widevinecdm\InlineHook.hpp(1373,15): warning C4838: 从“int”转换到“unsigned long”需要收缩转换
D:\Users\Downloads\project\st\Folder_online\noteBurner\keeper\widevinecdm\widevinecdm\InlineHook.hpp(1374,15): warning C4838: 从“int”转换到“unsigned long”需要收缩转换
D:\Users\Downloads\project\st\Folder_online\noteBurner\keeper\widevinecdm\widevinecdm\InlineHook.hpp(1375,15): warning C4838: 从“int”转换到“unsigned long”需要收缩转换
D:\Users\Downloads\project\st\Folder_online\noteBurner\keeper\widevinecdm\widevinecdm\InlineHook.hpp(1376,15): warning C4838: 从“int”转换到“unsigned long”需要收缩转换
D:\Users\Downloads\project\st\Folder_online\noteBurner\keeper\widevinecdm\widevinecdm\InlineHook.hpp(1377,15): warning C4838: 从“int”转换到“unsigned long”需要收缩转换
D:\Users\Downloads\project\st\Folder_online\noteBurner\keeper\widevinecdm\widevinecdm\InlineHook.hpp(1378,15): warning C4838: 从“int”转换到“unsigned long”需要收缩转换
D:\Users\Downloads\project\st\Folder_online\noteBurner\keeper\widevinecdm\widevinecdm\InlineHook.hpp(1379,15): warning C4838: 从“int”转换到“unsigned long”需要收缩转换
D:\Users\Downloads\project\st\Folder_online\noteBurner\keeper\widevinecdm\widevinecdm\InlineHook.hpp(1380,15): warning C4838: 从“int”转换到“unsigned long”需要收缩转换
D:\Users\Downloads\project\st\Folder_online\noteBurner\keeper\widevinecdm\widevinecdm\InlineHook.hpp(1381,15): warning C4838: 从“int”转换到“unsigned long”需要收缩转换
D:\Users\Downloads\project\st\Folder_online\noteBurner\keeper\widevinecdm\widevinecdm\InlineHook.hpp(1382,15): warning C4838: 从“int”转换到“unsigned long”需要收缩转换
D:\Users\Downloads\project\st\Folder_online\noteBurner\keeper\widevinecdm\widevinecdm\InlineHook.hpp(1383,15): warning C4838: 从“int”转换到“unsigned long”需要收缩转换
D:\Users\Downloads\project\st\Folder_online\noteBurner\keeper\widevinecdm\widevinecdm\InlineHook.hpp(1384,15): warning C4838: 从“int”转换到“unsigned long”需要收缩转换
D:\Users\Downloads\project\st\Folder_online\noteBurner\keeper\widevinecdm\widevinecdm\InlineHook.hpp(1385,15): warning C4838: 从“int”转换到“unsigned long”需要收缩转换
D:\Users\Downloads\project\st\Folder_online\noteBurner\keeper\widevinecdm\widevinecdm\InlineHook.hpp(1386,15): warning C4838: 从“int”转换到“unsigned long”需要收缩转换
D:\Users\Downloads\project\st\Folder_online\noteBurner\keeper\widevinecdm\widevinecdm\InlineHook.hpp(1387,15): warning C4838: 从“int”转换到“unsigned long”需要收缩转换
  正在生成代码...
    正在创建库 D:\Users\Downloads\project\st\Folder_online\noteBurner\keeper\widevinecdm\Debug\widevinecdm.lib 和对象 D:\Users\Downloads\project\st\Folder_online\noteBurner\keeper\widevinecdm\Debug\widevinecdm.exp
  widevinecdm.vcxproj -> D:\Users\Downloads\project\st\Folder_online\noteBurner\keeper\widevinecdm\Debug\widevinecdm.dll
